<?xml version="1.0" encoding="UTF-8"?>
<testsuite name="com.imooc.manager.controller.ProductControllerTest" tests="3" skipped="0" failures="1" errors="0" timestamp="2018-09-24T06:46:57" hostname="DESKTOP-K7SRB4V" time="0.671">
  <properties/>
  <testcase name="create" classname="com.imooc.manager.controller.ProductControllerTest" time="0.581"/>
  <testcase name="findOne" classname="com.imooc.manager.controller.ProductControllerTest" time="0.044"/>
  <testcase name="createException" classname="com.imooc.manager.controller.ProductControllerTest" time="0.044">
    <failure message="java.lang.IllegalArgumentException: 插入成功" type="java.lang.IllegalArgumentException">java.lang.IllegalArgumentException: 插入成功
	at org.springframework.util.Assert.isTrue(Assert.java:116)
	at com.imooc.manager.controller.ProductControllerTest.lambda$createException$1(ProductControllerTest.java:89)
	at java.util.ArrayList.forEach(ArrayList.java:1257)
	at com.imooc.manager.controller.ProductControllerTest.createException(ProductControllerTest.java:87)
	at sun.reflect.NativeMethodAccessorImpl.invoke0(Native Method)
	at sun.reflect.NativeMethodAccessorImpl.invoke(NativeMethodAccessorImpl.java:62)
	at sun.reflect.DelegatingMethodAccessorImpl.invoke(DelegatingMethodAccessorImpl.java:43)
	at java.lang.reflect.Method.invoke(Method.java:498)
	at org.junit.runners.model.FrameworkMethod$1.runReflectiveCall(FrameworkMethod.java:50)
	at org.junit.internal.runners.model.ReflectiveCallable.run(ReflectiveCallable.java:12)
	at org.junit.runners.model.FrameworkMethod.invokeExplosively(FrameworkMethod.java:47)
	at org.junit.internal.runners.statements.InvokeMethod.evaluate(InvokeMethod.java:17)
	at org.springframework.test.context.junit4.statements.RunBeforeTestExecutionCallbacks.evaluate(RunBeforeTestExecutionCallbacks.java:73)
	at org.springframework.test.context.junit4.statements.RunAfterTestExecutionCallbacks.evaluate(RunAfterTestExecutionCallbacks.java:83)
	at org.springframework.test.context.junit4.statements.RunBeforeTestMethodCallbacks.evaluate(RunBeforeTestMethodCallbacks.java:75)
	at org.springframework.test.context.junit4.statements.RunAfterTestMethodCallbacks.evaluate(RunAfterTestMethodCallbacks.java:86)
	at org.springframework.test.context.junit4.statements.SpringRepeat.evaluate(SpringRepeat.java:84)
	at org.junit.runners.ParentRunner.runLeaf(ParentRunner.java:325)
	at org.springframework.test.context.junit4.SpringJUnit4ClassRunner.runChild(SpringJUnit4ClassRunner.java:251)
	at org.springframework.test.context.junit4.SpringJUnit4ClassRunner.runChild(SpringJUnit4ClassRunner.java:97)
	at org.junit.runners.ParentRunner$3.run(ParentRunner.java:290)
	at org.junit.runners.ParentRunner$1.schedule(ParentRunner.java:71)
	at org.junit.runners.ParentRunner.runChildren(ParentRunner.java:288)
	at org.junit.runners.ParentRunner.access$000(ParentRunner.java:58)
	at org.junit.runners.ParentRunner$2.evaluate(ParentRunner.java:268)
	at org.junit.internal.runners.statements.RunBefores.evaluate(RunBefores.java:26)
	at org.springframework.test.context.junit4.statements.RunBeforeTestClassCallbacks.evaluate(RunBeforeTestClassCallbacks.java:61)
	at org.springframework.test.context.junit4.statements.RunAfterTestClassCallbacks.evaluate(RunAfterTestClassCallbacks.java:70)
	at org.junit.runners.ParentRunner.run(ParentRunner.java:363)
	at org.springframework.test.context.junit4.SpringJUnit4ClassRunner.run(SpringJUnit4ClassRunner.java:190)
	at org.gradle.api.internal.tasks.testing.junit.JUnitTestClassExecutor.runTestClass(JUnitTestClassExecutor.java:106)
	at org.gradle.api.internal.tasks.testing.junit.JUnitTestClassExecutor.execute(JUnitTestClassExecutor.java:58)
	at org.gradle.api.internal.tasks.testing.junit.JUnitTestClassExecutor.execute(JUnitTestClassExecutor.java:38)
	at org.gradle.api.internal.tasks.testing.junit.AbstractJUnitTestClassProcessor.processTestClass(AbstractJUnitTestClassProcessor.java:66)
	at org.gradle.api.internal.tasks.testing.SuiteTestClassProcessor.processTestClass(SuiteTestClassProcessor.java:51)
	at sun.reflect.NativeMethodAccessorImpl.invoke0(Native Method)
	at sun.reflect.NativeMethodAccessorImpl.invoke(NativeMethodAccessorImpl.java:62)
	at sun.reflect.DelegatingMethodAccessorImpl.invoke(DelegatingMethodAccessorImpl.java:43)
	at java.lang.reflect.Method.invoke(Method.java:498)
	at org.gradle.internal.dispatch.ReflectionDispatch.dispatch(ReflectionDispatch.java:35)
	at org.gradle.internal.dispatch.ReflectionDispatch.dispatch(ReflectionDispatch.java:24)
	at org.gradle.internal.dispatch.ContextClassLoaderDispatch.dispatch(ContextClassLoaderDispatch.java:32)
	at org.gradle.internal.dispatch.ProxyDispatchAdapter$DispatchingInvocationHandler.invoke(ProxyDispatchAdapter.java:93)
	at com.sun.proxy.$Proxy2.processTestClass(Unknown Source)
	at org.gradle.api.internal.tasks.testing.worker.TestWorker.processTestClass(TestWorker.java:117)
	at sun.reflect.NativeMethodAccessorImpl.invoke0(Native Method)
	at sun.reflect.NativeMethodAccessorImpl.invoke(NativeMethodAccessorImpl.java:62)
	at sun.reflect.DelegatingMethodAccessorImpl.invoke(DelegatingMethodAccessorImpl.java:43)
	at java.lang.reflect.Method.invoke(Method.java:498)
	at org.gradle.internal.dispatch.ReflectionDispatch.dispatch(ReflectionDispatch.java:35)
	at org.gradle.internal.dispatch.ReflectionDispatch.dispatch(ReflectionDispatch.java:24)
	at org.gradle.internal.remote.internal.hub.MessageHubBackedObjectConnection$DispatchWrapper.dispatch(MessageHubBackedObjectConnection.java:155)
	at org.gradle.internal.remote.internal.hub.MessageHubBackedObjectConnection$DispatchWrapper.dispatch(MessageHubBackedObjectConnection.java:137)
	at org.gradle.internal.remote.internal.hub.MessageHub$Handler.run(MessageHub.java:404)
	at org.gradle.internal.concurrent.ExecutorPolicy$CatchAndRecordFailures.onExecute(ExecutorPolicy.java:63)
	at org.gradle.internal.concurrent.ManagedExecutorImpl$1.run(ManagedExecutorImpl.java:46)
	at java.util.concurrent.ThreadPoolExecutor.runWorker(ThreadPoolExecutor.java:1149)
	at java.util.concurrent.ThreadPoolExecutor$Worker.run(ThreadPoolExecutor.java:624)
	at org.gradle.internal.concurrent.ThreadFactoryImpl$ManagedThreadRunnable.run(ThreadFactoryImpl.java:55)
	at java.lang.Thread.run(Thread.java:748)
</failure>
  </testcase>
  <system-out><![CDATA[14:46:53.277 [Test worker] DEBUG org.springframework.test.context.junit4.SpringJUnit4ClassRunner - SpringJUnit4ClassRunner constructor called with [class com.imooc.manager.controller.ProductControllerTest]
14:46:53.289 [Test worker] DEBUG org.springframework.test.context.BootstrapUtils - Instantiating CacheAwareContextLoaderDelegate from class [org.springframework.test.context.cache.DefaultCacheAwareContextLoaderDelegate]
14:46:53.297 [Test worker] DEBUG org.springframework.test.context.BootstrapUtils - Instantiating BootstrapContext using constructor [public org.springframework.test.context.support.DefaultBootstrapContext(java.lang.Class,org.springframework.test.context.CacheAwareContextLoaderDelegate)]
14:46:53.310 [Test worker] DEBUG org.springframework.test.context.BootstrapUtils - Instantiating TestContextBootstrapper for test class [com.imooc.manager.controller.ProductControllerTest] from class [org.springframework.boot.test.context.SpringBootTestContextBootstrapper]
14:46:53.320 [Test worker] INFO org.springframework.boot.test.context.SpringBootTestContextBootstrapper - Neither @ContextConfiguration nor @ContextHierarchy found for test class [com.imooc.manager.controller.ProductControllerTest], using SpringBootContextLoader
14:46:53.323 [Test worker] DEBUG org.springframework.test.context.support.AbstractContextLoader - Did not detect default resource location for test class [com.imooc.manager.controller.ProductControllerTest]: class path resource [com/imooc/manager/controller/ProductControllerTest-context.xml] does not exist
14:46:53.324 [Test worker] DEBUG org.springframework.test.context.support.AbstractContextLoader - Did not detect default resource location for test class [com.imooc.manager.controller.ProductControllerTest]: class path resource [com/imooc/manager/controller/ProductControllerTestContext.groovy] does not exist
14:46:53.324 [Test worker] INFO org.springframework.test.context.support.AbstractContextLoader - Could not detect default resource locations for test class [com.imooc.manager.controller.ProductControllerTest]: no resource found for suffixes {-context.xml, Context.groovy}.
14:46:53.325 [Test worker] INFO org.springframework.test.context.support.AnnotationConfigContextLoaderUtils - Could not detect default configuration classes for test class [com.imooc.manager.controller.ProductControllerTest]: ProductControllerTest does not declare any static, non-private, non-final, nested classes annotated with @Configuration.
14:46:53.362 [Test worker] DEBUG org.springframework.test.context.support.ActiveProfilesUtils - Could not find an 'annotation declaring class' for annotation type [org.springframework.test.context.ActiveProfiles] and class [com.imooc.manager.controller.ProductControllerTest]
14:46:53.369 [Test worker] DEBUG org.springframework.core.env.StandardEnvironment - Adding PropertySource 'systemProperties' with lowest search precedence
14:46:53.369 [Test worker] DEBUG org.springframework.core.env.StandardEnvironment - Adding PropertySource 'systemEnvironment' with lowest search precedence
14:46:53.370 [Test worker] DEBUG org.springframework.core.env.StandardEnvironment - Initialized StandardEnvironment with PropertySources [MapPropertySource@233448948 {name='systemProperties', properties={java.runtime.name=Java(TM) SE Runtime Environment, sun.boot.library.path=C:\Program Files\Java\jdk1.8.0_162\jre\bin, java.vm.version=25.162-b12, java.vm.vendor=Oracle Corporation, java.vendor.url=http://java.oracle.com/, path.separator=;, java.vm.name=Java HotSpot(TM) 64-Bit Server VM, file.encoding.pkg=sun.io, user.script=, sun.java.launcher=SUN_STANDARD, user.country=CN, sun.os.patch.level=, java.vm.specification.name=Java Virtual Machine Specification, user.dir=E:\Work\idea_workspace\financial\manager, java.runtime.version=1.8.0_162-b12, java.awt.graphicsenv=sun.awt.Win32GraphicsEnvironment, java.endorsed.dirs=C:\Program Files\Java\jdk1.8.0_162\jre\lib\endorsed, os.arch=amd64, java.io.tmpdir=C:\Users\CHENYI~1\AppData\Local\Temp\, line.separator=
, java.vm.specification.vendor=Oracle Corporation, user.variant=, os.name=Windows 10, sun.jnu.encoding=GBK, java.library.path=C:\Program Files\Java\jdk1.8.0_162\bin;C:\Windows\Sun\Java\bin;C:\Windows\system32;C:\Windows;F:\Program Files (x86)\MySQL\MySQL Server 5.5\bin;F:\Program Files\TortoiseGit\bin;F:\Program Files\Git\cmd;E:\Maven\java\apache-maven-3.5.2\bin;C:\Program Files\Java\jdk1.8.0_162\bin;C:\Windows\System32;%GRADLE_HOME%\bin;., java.specification.name=Java Platform API Specification, java.class.version=52.0, org.gradle.native=false, sun.management.compiler=HotSpot 64-Bit Tiered Compilers, os.version=10.0, user.home=C:\Users\chenyihongyi, user.timezone=Asia/Shanghai, java.awt.printerjob=sun.awt.windows.WPrinterJob, file.encoding=GBK, java.specification.version=1.8, java.class.path=E:\Work\idea_workspace\financial\manager\build\classes\java\test;E:\Work\idea_workspace\financial\manager\build\resources\test;E:\Work\idea_workspace\financial\manager\build\classes\java\main;E:\Work\idea_workspace\financial\manager\build\resources\main;E:\Work\idea_workspace\financial\api\build\libs\api.jar;E:\Work\idea_workspace\financial\entity\build\libs\entity.jar;E:\Work\idea_workspace\financial\util\build\libs\util.jar;E:\Work\idea_workspace\financial\util\libs\jsonrpc4j-1.5.1.jar;E:\Work\idea_workspace\financial\swagger\build\libs\swagger.jar;C:\Users\chenyihongyi\.gradle\caches\modules-2\files-2.1\org.springframework.boot\spring-boot-starter-web\2.0.0.RELEASE\fcb2a9e18f98382e626935841f85ed44d7153615\spring-boot-starter-web-2.0.0.RELEASE.jar;C:\Users\chenyihongyi\.gradle\caches\modules-2\files-2.1\org.springframework.boot\spring-boot-starter-data-jpa\2.0.0.RELEASE\cc7bc2df046149870255d22367f8f7276eb82e98\spring-boot-starter-data-jpa-2.0.0.RELEASE.jar;E:\Maven\mvn_repo\org\apache\commons\commons-lang3\3.5\commons-lang3-3.5.jar;C:\Users\chenyihongyi\.gradle\caches\modules-2\files-2.1\com.h2database\h2\1.4.195\b25cc38f12b977694b8c85848e5bbecb2d88fd96\h2-1.4.195.jar;C:\Users\chenyihongyi\.gradle\caches\modules-2\files-2.1\org.springframework.boot\spring-boot-starter-activemq\2.0.0.RELEASE\3c3b852d6d325de5553902a320ffa731fdc07bd8\spring-boot-starter-activemq-2.0.0.RELEASE.jar;E:\Maven\mvn_repo\mysql\mysql-connector-java\5.1.29\mysql-connector-java-5.1.29.jar;C:\Users\chenyihongyi\.gradle\caches\modules-2\files-2.1\org.springframework.boot\spring-boot-starter-test\2.0.0.RELEASE\4ff0e1d9bd315a4a5867e9c6128691cac8b37348\spring-boot-starter-test-2.0.0.RELEASE.jar;C:\Users\chenyihongyi\.gradle\caches\modules-2\files-2.1\org.springframework.boot\spring-boot-starter-json\2.0.0.RELEASE\5a09c939d8bd60d7f163c1c0c20a3127ba9fffa\spring-boot-starter-json-2.0.0.RELEASE.jar;C:\Users\chenyihongyi\.gradle\caches\modules-2\files-2.1\org.springframework.boot\spring-boot-starter-aop\2.0.0.RELEASE\9afd572ca8de272e6d919d914db5c73cd7d06ea2\spring-boot-starter-aop-2.0.0.RELEASE.jar;C:\Users\chenyihongyi\.gradle\caches\modules-2\files-2.1\org.springframework.boot\spring-boot-starter-jdbc\2.0.0.RELEASE\bfe586f729ed86a421a79ac1b18d4e05acd25d68\spring-boot-starter-jdbc-2.0.0.RELEASE.jar;C:\Users\chenyihongyi\.gradle\caches\modules-2\files-2.1\org.springframework.boot\spring-boot-starter\2.0.0.RELEASE\6d7d8e4bf053cd1833f3c7dbce676bc274f0892f\spring-boot-starter-2.0.0.RELEASE.jar;C:\Users\chenyihongyi\.gradle\caches\modules-2\files-2.1\org.springframework.boot\spring-boot-starter-tomcat\2.0.0.RELEASE\908bc9de1a7cfa857edf44182d426f6e0d8a3008\spring-boot-starter-tomcat-2.0.0.RELEASE.jar;C:\Users\chenyihongyi\.gradle\caches\modules-2\files-2.1\org.hibernate.validator\hibernate-validator\6.0.7.Final\8b9d9c7ec8c73963ea0fe81912fc67711a4ef76\hibernate-validator-6.0.7.Final.jar;C:\Users\chenyihongyi\.gradle\caches\modules-2\files-2.1\org.springframework\spring-webmvc\5.0.4.RELEASE\addcf1caa22613c474bd6dde8c7134fef940b1f0\spring-webmvc-5.0.4.RELEASE.jar;C:\Users\chenyihongyi\.gradle\caches\modules-2\files-2.1\org.springframework\spring-web\5.0.4.RELEASE\9565bbc67bf1a850a6505deaa5103931712a7b80\spring-web-5.0.4.RELEASE.jar;C:\Users\chenyihongyi\.gradle\caches\modules-2\files-2.1\org.hibernate\hibernate-core\5.2.14.Final\2132ad4a9fa5088156469ec85306afe574bb8c24\hibernate-core-5.2.14.Final.jar;E:\Maven\mvn_repo\javax\transaction\javax.transaction-api\1.2\javax.transaction-api-1.2.jar;C:\Users\chenyihongyi\.gradle\caches\modules-2\files-2.1\org.springframework.data\spring-data-jpa\2.0.5.RELEASE\51b2e315174e32b4c8a4841a147002555add076c\spring-data-jpa-2.0.5.RELEASE.jar;C:\Users\chenyihongyi\.gradle\caches\modules-2\files-2.1\org.springframework\spring-aspects\5.0.4.RELEASE\454ee13fc4f439065572dd526e81c699d1d61e3e\spring-aspects-5.0.4.RELEASE.jar;E:\Maven\mvn_repo\commons-codec\commons-codec\1.8\commons-codec-1.8.jar;E:\Maven\mvn_repo\io\springfox\springfox-swagger2\2.7.0\springfox-swagger2-2.7.0.jar;E:\Maven\mvn_repo\io\springfox\springfox-swagger-ui\2.7.0\springfox-swagger-ui-2.7.0.jar;C:\Users\chenyihongyi\.gradle\caches\modules-2\files-2.1\org.springframework\spring-jms\5.0.4.RELEASE\da53c07028cbc5011540a21ef1391fb97c89b4c\spring-jms-5.0.4.RELEASE.jar;C:\Users\chenyihongyi\.gradle\caches\modules-2\files-2.1\org.apache.activemq\activemq-broker\5.15.3\1431d906e0a2cd8c27e10be6ed9f608ed995d3b4\activemq-broker-5.15.3.jar;C:\Users\chenyihongyi\.gradle\caches\modules-2\files-2.1\javax.jms\javax.jms-api\2.0.1\5faaa3864ff6025ce69809b60d65bda3e358610c\javax.jms-api-2.0.1.jar;C:\Users\chenyihongyi\.gradle\caches\modules-2\files-2.1\org.springframework.boot\spring-boot-test-autoconfigure\2.0.0.RELEASE\db0595321e96929d9473cf061f3408972d03c6aa\spring-boot-test-autoconfigure-2.0.0.RELEASE.jar;C:\Users\chenyihongyi\.gradle\caches\modules-2\files-2.1\org.springframework.boot\spring-boot-test\2.0.0.RELEASE\1565e78c2801bd3c7ece0a8ddc08e5ed53676878\spring-boot-test-2.0.0.RELEASE.jar;E:\Maven\mvn_repo\com\jayway\jsonpath\json-path\2.4.0\json-path-2.4.0.jar;E:\Maven\mvn_repo\junit\junit\4.12\junit-4.12.jar;E:\Maven\mvn_repo\org\assertj\assertj-core\3.9.1\assertj-core-3.9.1.jar;E:\Maven\mvn_repo\org\mockito\mockito-core\2.15.0\mockito-core-2.15.0.jar;E:\Maven\mvn_repo\org\hamcrest\hamcrest-library\1.3\hamcrest-library-1.3.jar;E:\Maven\mvn_repo\org\hamcrest\hamcrest-core\1.3\hamcrest-core-1.3.jar;E:\Maven\mvn_repo\org\skyscreamer\jsonassert\1.5.0\jsonassert-1.5.0.jar;C:\Users\chenyihongyi\.gradle\caches\modules-2\files-2.1\org.springframework\spring-test\5.0.4.RELEASE\3fc10b6535a113593fa8780951465012a7677e21\spring-test-5.0.4.RELEASE.jar;C:\Users\chenyihongyi\.gradle\caches\modules-2\files-2.1\org.springframework.boot\spring-boot-autoconfigure\2.0.0.RELEASE\c89896a469ecf92996ecba40755919896ace5470\spring-boot-autoconfigure-2.0.0.RELEASE.jar;C:\Users\chenyihongyi\.gradle\caches\modules-2\files-2.1\org.springframework.boot\spring-boot\2.0.0.RELEASE\771da2071ff14a47f108642a641c204ae4ef7b15\spring-boot-2.0.0.RELEASE.jar;E:\Maven\mvn_repo\io\springfox\springfox-swagger-common\2.7.0\springfox-swagger-common-2.7.0.jar;E:\Maven\mvn_repo\io\springfox\springfox-spring-web\2.7.0\springfox-spring-web-2.7.0.jar;E:\Maven\mvn_repo\io\springfox\springfox-schema\2.7.0\springfox-schema-2.7.0.jar;E:\Maven\mvn_repo\io\springfox\springfox-spi\2.7.0\springfox-spi-2.7.0.jar;E:\Maven\mvn_repo\io\springfox\springfox-core\2.7.0\springfox-core-2.7.0.jar;E:\Maven\mvn_repo\org\springframework\plugin\spring-plugin-metadata\1.2.0.RELEASE\spring-plugin-metadata-1.2.0.RELEASE.jar;E:\Maven\mvn_repo\org\springframework\plugin\spring-plugin-core\1.2.0.RELEASE\spring-plugin-core-1.2.0.RELEASE.jar;C:\Users\chenyihongyi\.gradle\caches\modules-2\files-2.1\org.springframework\spring-context\5.0.4.RELEASE\3e76d08c851113077642c5704f0f94d5ce58e905\spring-context-5.0.4.RELEASE.jar;C:\Users\chenyihongyi\.gradle\caches\modules-2\files-2.1\org.springframework\spring-aop\5.0.4.RELEASE\f8e029e54c0267dadb6b9f713f3feb54ec4f3a0e\spring-aop-5.0.4.RELEASE.jar;C:\Users\chenyihongyi\.gradle\caches\modules-2\files-2.1\org.springframework\spring-expression\5.0.4.RELEASE\4bda161f2e34c1486f2527a23eb47293567f473c\spring-expression-5.0.4.RELEASE.jar;C:\Users\chenyihongyi\.gradle\caches\modules-2\files-2.1\org.springframework\spring-orm\5.0.4.RELEASE\dc83e08ecdb4ab28339f87358b53d75b4a8d1b9\spring-orm-5.0.4.RELEASE.jar;C:\Users\chenyihongyi\.gradle\caches\modules-2\files-2.1\org.springframework\spring-jdbc\5.0.4.RELEASE\6b5ac0db11d81d6319ebd0bb253b2f01713df3ab\spring-jdbc-5.0.4.RELEASE.jar;C:\Users\chenyihongyi\.gradle\caches\modules-2\files-2.1\org.springframework.data\spring-data-commons\2.0.5.RELEASE\f5357c650f63f3a187d3d4086a9e9132f33851a6\spring-data-commons-2.0.5.RELEASE.jar;C:\Users\chenyihongyi\.gradle\caches\modules-2\files-2.1\org.springframework\spring-tx\5.0.4.RELEASE\7afc193c5d2b812ee6d2ccaf6fcc81fb83bfb4a7\spring-tx-5.0.4.RELEASE.jar;C:\Users\chenyihongyi\.gradle\caches\modules-2\files-2.1\org.springframework\spring-messaging\5.0.4.RELEASE\21c0ee684684c50a6b13eaa894b2ceb3860dff12\spring-messaging-5.0.4.RELEASE.jar;C:\Users\chenyihongyi\.gradle\caches\modules-2\files-2.1\org.springframework\spring-beans\5.0.4.RELEASE\7a8c3d48d4c33621e64d1399721d8e067450fcbd\spring-beans-5.0.4.RELEASE.jar;C:\Users\chenyihongyi\.gradle\caches\modules-2\files-2.1\org.springframework\spring-core\5.0.4.RELEASE\2221a957b5561a34f044350ba4e30ef5870254a3\spring-core-5.0.4.RELEASE.jar;E:\Maven\mvn_repo\org\xmlunit\xmlunit-core\2.5.1\xmlunit-core-2.5.1.jar;C:\Users\chenyihongyi\.gradle\caches\modules-2\files-2.1\org.springframework.boot\spring-boot-starter-logging\2.0.0.RELEASE\fe939b71659ef1f98a53cce0b5bcf771685cf6a6\spring-boot-starter-logging-2.0.0.RELEASE.jar;E:\Maven\mvn_repo\javax\annotation\javax.annotation-api\1.3.2\javax.annotation-api-1.3.2.jar;E:\Maven\mvn_repo\org\yaml\snakeyaml\1.19\snakeyaml-1.19.jar;C:\Users\chenyihongyi\.gradle\caches\modules-2\files-2.1\com.fasterxml.jackson.datatype\jackson-datatype-jdk8\2.9.4\63ac052d52a70a15820d3dc07ea757826fd51d40\jackson-datatype-jdk8-2.9.4.jar;C:\Users\chenyihongyi\.gradle\caches\modules-2\files-2.1\com.fasterxml.jackson.datatype\jackson-datatype-jsr310\2.9.4\12d52679a6615c7972ea25bd8ebb60b191fe79b7\jackson-datatype-jsr310-2.9.4.jar;C:\Users\chenyihongyi\.gradle\caches\modules-2\files-2.1\com.fasterxml.jackson.module\jackson-module-parameter-names\2.9.4\5833c819877c3e85bad847f4d2fa4e70379217c6\jackson-module-parameter-names-2.9.4.jar;C:\Users\chenyihongyi\.gradle\caches\modules-2\files-2.1\com.fasterxml.jackson.core\jackson-databind\2.9.4\498bbc3b94f566982c7f7c6d4d303fce365529be\jackson-databind-2.9.4.jar;C:\Users\chenyihongyi\.gradle\caches\modules-2\files-2.1\org.apache.tomcat.embed\tomcat-embed-websocket\8.5.28\8a5a48740dd80cad644ceb541e77fd8e0809e3b7\tomcat-embed-websocket-8.5.28.jar;C:\Users\chenyihongyi\.gradle\caches\modules-2\files-2.1\org.apache.tomcat.embed\tomcat-embed-core\8.5.28\b684c98cf77c6528079c4e59fc1feeb218bf82f1\tomcat-embed-core-8.5.28.jar;C:\Users\chenyihongyi\.gradle\caches\modules-2\files-2.1\org.apache.tomcat.embed\tomcat-embed-el\8.5.28\75745598f60646ccf0c4b105468a9c8be9b8432e\tomcat-embed-el-8.5.28.jar;E:\Maven\mvn_repo\javax\validation\validation-api\2.0.1.Final\validation-api-2.0.1.Final.jar;E:\Maven\mvn_repo\org\hibernate\common\hibernate-commons-annotations\5.0.1.Final\hibernate-commons-annotations-5.0.1.Final.jar;E:\Maven\mvn_repo\org\jboss\logging\jboss-logging\3.3.1.Final\jboss-logging-3.3.1.Final.jar;E:\Maven\mvn_repo\com\fasterxml\classmate\1.3.3\classmate-1.3.3.jar;C:\Users\chenyihongyi\.gradle\caches\modules-2\files-2.1\org.aspectj\aspectjweaver\1.8.13\ad94df2a28d658a40dc27bbaff6a1ce5fbf04e9b\aspectjweaver-1.8.13.jar;C:\Users\chenyihongyi\.gradle\caches\modules-2\files-2.1\com.zaxxer\HikariCP\2.7.8\4a3a604fa2efa89621aa498d04e000b2bed90c39\HikariCP-2.7.8.jar;E:\Maven\mvn_repo\org\hibernate\javax\persistence\hibernate-jpa-2.1-api\1.0.0.Final\hibernate-jpa-2.1-api-1.0.0.Final.jar;E:\Maven\mvn_repo\org\reflections\reflections\0.9.11\reflections-0.9.11.jar;C:\Users\chenyihongyi\.gradle\caches\modules-2\files-2.1\org.javassist\javassist\3.22.0-GA\3e83394258ae2089be7219b971ec21a8288528ad\javassist-3.22.0-GA.jar;E:\Maven\mvn_repo\antlr\antlr\2.7.7\antlr-2.7.7.jar;C:\Users\chenyihongyi\.gradle\caches\modules-2\files-2.1\org.jboss\jandex\2.0.3.Final\bfc4d6257dbff7a33a357f0de116be6ff951d849\jandex-2.0.3.Final.jar;E:\Maven\mvn_repo\dom4j\dom4j\1.6.1\dom4j-1.6.1.jar;E:\Maven\mvn_repo\io\swagger\swagger-models\1.5.13\swagger-models-1.5.13.jar;C:\Users\chenyihongyi\.gradle\caches\modules-2\files-2.1\org.apache.activemq\activemq-openwire-legacy\5.15.3\547fb7db77ce03e03960830edfe62772d78d16ca\activemq-openwire-legacy-5.15.3.jar;C:\Users\chenyihongyi\.gradle\caches\modules-2\files-2.1\org.apache.activemq\activemq-client\5.15.3\fbdd28de46c05259bf935f6b8a19e9d7e09c68\activemq-client-5.15.3.jar;E:\Maven\mvn_repo\ch\qos\logback\logback-classic\1.2.3\logback-classic-1.2.3.jar;E:\Maven\mvn_repo\org\apache\logging\log4j\log4j-to-slf4j\2.10.0\log4j-to-slf4j-2.10.0.jar;E:\Maven\mvn_repo\org\slf4j\jul-to-slf4j\1.7.25\jul-to-slf4j-1.7.25.jar;E:\Maven\mvn_repo\org\slf4j\slf4j-api\1.7.25\slf4j-api-1.7.25.jar;E:\Maven\mvn_repo\io\swagger\swagger-annotations\1.5.13\swagger-annotations-1.5.13.jar;C:\Users\chenyihongyi\.gradle\caches\modules-2\files-2.1\com.google.guava\guava\20.0\89507701249388e1ed5ddcf8c41f4ce1be7831ef\guava-20.0.jar;E:\Maven\mvn_repo\org\mapstruct\mapstruct\1.1.0.Final\mapstruct-1.1.0.Final.jar;E:\Maven\mvn_repo\net\minidev\json-smart\2.3\json-smart-2.3.jar;C:\Users\chenyihongyi\.gradle\caches\modules-2\files-2.1\net.bytebuddy\byte-buddy\1.7.9\51218a01a882c04d0aba8c028179cce488bbcb58\byte-buddy-1.7.9.jar;C:\Users\chenyihongyi\.gradle\caches\modules-2\files-2.1\net.bytebuddy\byte-buddy-agent\1.7.9\a6c65f9da7f467ee1f02ff2841ffd3155aee2fc9\byte-buddy-agent-1.7.9.jar;E:\Maven\mvn_repo\org\objenesis\objenesis\2.6\objenesis-2.6.jar;E:\Maven\mvn_repo\com\vaadin\external\google\android-json\0.0.20131108.vaadin1\android-json-0.0.20131108.vaadin1.jar;C:\Users\chenyihongyi\.gradle\caches\modules-2\files-2.1\org.springframework\spring-jcl\5.0.4.RELEASE\3053e2bad0a18571bdbb9596ce51f9d458f5934f\spring-jcl-5.0.4.RELEASE.jar;E:\Maven\mvn_repo\com\fasterxml\jackson\core\jackson-annotations\2.9.0\jackson-annotations-2.9.0.jar;C:\Users\chenyihongyi\.gradle\caches\modules-2\files-2.1\com.fasterxml.jackson.core\jackson-core\2.9.4\a9a71ec1aa37da47db168fede9a4a5fb5e374320\jackson-core-2.9.4.jar;E:\Maven\mvn_repo\org\fusesource\hawtbuf\hawtbuf\1.11\hawtbuf-1.11.jar;E:\Maven\mvn_repo\org\apache\geronimo\specs\geronimo-j2ee-management_1.1_spec\1.0.1\geronimo-j2ee-management_1.1_spec-1.0.1.jar;E:\Maven\mvn_repo\net\minidev\accessors-smart\1.2\accessors-smart-1.2.jar;E:\Maven\mvn_repo\ch\qos\logback\logback-core\1.2.3\logback-core-1.2.3.jar;E:\Maven\mvn_repo\org\apache\logging\log4j\log4j-api\2.10.0\log4j-api-2.10.0.jar;C:\Users\chenyihongyi\.gradle\caches\modules-2\files-2.1\org.apache.tomcat\tomcat-annotations-api\8.5.28\25dd92ba2548e684687f9024e2848ea98ab63f3a\tomcat-annotations-api-8.5.28.jar;E:\Maven\mvn_repo\org\ow2\asm\asm\5.0.4\asm-5.0.4.jar, user.name=chenyihongyi, java.vm.specification.version=1.8, sun.java.command=worker.org.gradle.process.internal.worker.GradleWorkerMain 'Gradle Test Executor 6', java.home=C:\Program Files\Java\jdk1.8.0_162\jre, sun.arch.data.model=64, user.language=zh, java.specification.vendor=Oracle Corporation, awt.toolkit=sun.awt.windows.WToolkit, java.vm.info=mixed mode, java.version=1.8.0_162, java.ext.dirs=C:\Program Files\Java\jdk1.8.0_162\jre\lib\ext;C:\Windows\Sun\Java\lib\ext, sun.boot.class.path=C:\Program Files\Java\jdk1.8.0_162\jre\lib\resources.jar;C:\Program Files\Java\jdk1.8.0_162\jre\lib\rt.jar;C:\Program Files\Java\jdk1.8.0_162\jre\lib\sunrsasign.jar;C:\Program Files\Java\jdk1.8.0_162\jre\lib\jsse.jar;C:\Program Files\Java\jdk1.8.0_162\jre\lib\jce.jar;C:\Program Files\Java\jdk1.8.0_162\jre\lib\charsets.jar;C:\Program Files\Java\jdk1.8.0_162\jre\lib\jfr.jar;C:\Program Files\Java\jdk1.8.0_162\jre\classes, java.vendor=Oracle Corporation, org.gradle.test.worker=6, file.separator=\, java.vendor.url.bug=http://bugreport.sun.com/bugreport/, sun.io.unicode.encoding=UnicodeLittle, sun.cpu.endian=little, sun.desktop=windows, sun.cpu.isalist=amd64}}, SystemEnvironmentPropertySource@1644093344 {name='systemEnvironment', properties={USERDOMAIN_ROAMINGPROFILE=DESKTOP-K7SRB4V, LOCALAPPDATA=C:\Users\chenyihongyi\AppData\Local, PROCESSOR_LEVEL=6, USERDOMAIN=DESKTOP-K7SRB4V, FPS_BROWSER_APP_PROFILE_STRING=Internet Explorer, LOGONSERVER=\\DESKTOP-K7SRB4V, JAVA_HOME=C:\Program Files\Java\jdk1.8.0_162, SESSIONNAME=Console, ALLUSERSPROFILE=C:\ProgramData, PROCESSOR_ARCHITECTURE=AMD64, GRADLE_HOME=F:\software\gradle-4.10.2-bin\gradle-4.10.2, PSModulePath=C:\Program Files\WindowsPowerShell\Modules;C:\Windows\system32\WindowsPowerShell\v1.0\Modules, SystemDrive=C:, asl.log=Destination=file, MAVEN_HOME=E:\Maven\java\apache-maven-3.5.2, OneDrive=C:\Users\chenyihongyi\OneDrive, APPDATA=C:\Users\chenyihongyi\AppData\Roaming, USERNAME=chenyihongyi, ProgramFiles(x86)=C:\Program Files (x86), CommonProgramFiles=C:\Program Files\Common Files, Path=F:\Program Files (x86)\MySQL\MySQL Server 5.5\bin;F:\Program Files\TortoiseGit\bin;F:\Program Files\Git\cmd;E:\Maven\java\apache-maven-3.5.2\bin;C:\Program Files\Java\jdk1.8.0_162\bin;C:\Windows\System32;%GRADLE_HOME%\bin, FPS_BROWSER_USER_PROFILE_STRING=Default, PATHEXT=.COM;.EXE;.BAT;.CMD;.VBS;.VBE;.JS;.JSE;.WSF;.WSH;.MSC, OS=Windows_NT, COMPUTERNAME=DESKTOP-K7SRB4V, PROCESSOR_REVISION=8e0a, CommonProgramW6432=C:\Program Files\Common Files, ComSpec=C:\Windows\system32\cmd.exe, ProgramData=C:\ProgramData, ProgramW6432=C:\Program Files, HOMEPATH=\Users\chenyihongyi, SystemRoot=C:\Windows, TEMP=C:\Users\CHENYI~1\AppData\Local\Temp, HOMEDRIVE=C:, PROCESSOR_IDENTIFIER=Intel64 Family 6 Model 142 Stepping 10, GenuineIntel, USERPROFILE=C:\Users\chenyihongyi, TMP=C:\Users\CHENYI~1\AppData\Local\Temp, CommonProgramFiles(x86)=C:\Program Files (x86)\Common Files, ProgramFiles=C:\Program Files, PUBLIC=C:\Users\Public, NUMBER_OF_PROCESSORS=8, windir=C:\Windows}}]
14:46:53.382 [Test worker] DEBUG org.springframework.core.io.support.PathMatchingResourcePatternResolver - Resolved classpath location [com/imooc/manager/controller/] to resources [URL [file:/E:/Work/idea_workspace/financial/manager/build/classes/java/test/com/imooc/manager/controller/], URL [file:/E:/Work/idea_workspace/financial/manager/build/classes/java/main/com/imooc/manager/controller/]]
14:46:53.382 [Test worker] DEBUG org.springframework.core.io.support.PathMatchingResourcePatternResolver - Looking for matching resources in directory tree [E:\Work\idea_workspace\financial\manager\build\classes\java\test\com\imooc\manager\controller]
14:46:53.383 [Test worker] DEBUG org.springframework.core.io.support.PathMatchingResourcePatternResolver - Searching directory [E:\Work\idea_workspace\financial\manager\build\classes\java\test\com\imooc\manager\controller] for files matching pattern [E:/Work/idea_workspace/financial/manager/build/classes/java/test/com/imooc/manager/controller/*.class]
14:46:53.385 [Test worker] DEBUG org.springframework.core.io.support.PathMatchingResourcePatternResolver - Looking for matching resources in directory tree [E:\Work\idea_workspace\financial\manager\build\classes\java\main\com\imooc\manager\controller]
14:46:53.385 [Test worker] DEBUG org.springframework.core.io.support.PathMatchingResourcePatternResolver - Searching directory [E:\Work\idea_workspace\financial\manager\build\classes\java\main\com\imooc\manager\controller] for files matching pattern [E:/Work/idea_workspace/financial/manager/build/classes/java/main/com/imooc/manager/controller/*.class]
14:46:53.386 [Test worker] DEBUG org.springframework.core.io.support.PathMatchingResourcePatternResolver - Resolved location pattern [classpath*:com/imooc/manager/controller/*.class] to resources [file [E:\Work\idea_workspace\financial\manager\build\classes\java\test\com\imooc\manager\controller\ProductControllerTest$1.class], file [E:\Work\idea_workspace\financial\manager\build\classes\java\test\com\imooc\manager\controller\ProductControllerTest.class], file [E:\Work\idea_workspace\financial\manager\build\classes\java\main\com\imooc\manager\controller\ProductController.class]]
14:46:53.413 [Test worker] DEBUG org.springframework.core.io.support.PathMatchingResourcePatternResolver - Resolved classpath location [com/imooc/manager/] to resources [URL [file:/E:/Work/idea_workspace/financial/manager/build/classes/java/test/com/imooc/manager/], URL [file:/E:/Work/idea_workspace/financial/manager/build/classes/java/main/com/imooc/manager/]]
14:46:53.413 [Test worker] DEBUG org.springframework.core.io.support.PathMatchingResourcePatternResolver - Looking for matching resources in directory tree [E:\Work\idea_workspace\financial\manager\build\classes\java\test\com\imooc\manager]
14:46:53.413 [Test worker] DEBUG org.springframework.core.io.support.PathMatchingResourcePatternResolver - Searching directory [E:\Work\idea_workspace\financial\manager\build\classes\java\test\com\imooc\manager] for files matching pattern [E:/Work/idea_workspace/financial/manager/build/classes/java/test/com/imooc/manager/*.class]
14:46:53.414 [Test worker] DEBUG org.springframework.core.io.support.PathMatchingResourcePatternResolver - Looking for matching resources in directory tree [E:\Work\idea_workspace\financial\manager\build\classes\java\main\com\imooc\manager]
14:46:53.414 [Test worker] DEBUG org.springframework.core.io.support.PathMatchingResourcePatternResolver - Searching directory [E:\Work\idea_workspace\financial\manager\build\classes\java\main\com\imooc\manager] for files matching pattern [E:/Work/idea_workspace/financial/manager/build/classes/java/main/com/imooc/manager/*.class]
14:46:53.414 [Test worker] DEBUG org.springframework.core.io.support.PathMatchingResourcePatternResolver - Resolved location pattern [classpath*:com/imooc/manager/*.class] to resources [file [E:\Work\idea_workspace\financial\manager\build\classes\java\main\com\imooc\manager\ManagerApp.class]]
14:46:53.439 [Test worker] DEBUG org.springframework.context.annotation.ClassPathScanningCandidateComponentProvider - Identified candidate component class: file [E:\Work\idea_workspace\financial\manager\build\classes\java\main\com\imooc\manager\ManagerApp.class]
14:46:53.441 [Test worker] INFO org.springframework.boot.test.context.SpringBootTestContextBootstrapper - Found @SpringBootConfiguration com.imooc.manager.ManagerApp for test class com.imooc.manager.controller.ProductControllerTest
14:46:53.547 [Test worker] DEBUG org.springframework.boot.test.context.SpringBootTestContextBootstrapper - @TestExecutionListeners is not present for class [com.imooc.manager.controller.ProductControllerTest]: using defaults.
14:46:53.547 [Test worker] INFO org.springframework.boot.test.context.SpringBootTestContextBootstrapper - Loaded default TestExecutionListener class names from location [META-INF/spring.factories]: [org.springframework.boot.test.autoconfigure.restdocs.RestDocsTestExecutionListener, org.springframework.boot.test.autoconfigure.web.client.MockRestServiceServerResetTestExecutionListener, org.springframework.boot.test.autoconfigure.web.servlet.MockMvcPrintOnlyOnFailureTestExecutionListener, org.springframework.boot.test.autoconfigure.web.servlet.WebDriverTestExecutionListener, org.springframework.boot.test.mock.mockito.MockitoTestExecutionListener, org.springframework.boot.test.mock.mockito.ResetMocksTestExecutionListener, org.springframework.test.context.web.ServletTestExecutionListener, org.springframework.test.context.support.DirtiesContextBeforeModesTestExecutionListener, org.springframework.test.context.support.DependencyInjectionTestExecutionListener, org.springframework.test.context.support.DirtiesContextTestExecutionListener, org.springframework.test.context.transaction.TransactionalTestExecutionListener, org.springframework.test.context.jdbc.SqlScriptsTestExecutionListener]
14:46:53.564 [Test worker] INFO org.springframework.boot.test.context.SpringBootTestContextBootstrapper - Using TestExecutionListeners: [org.springframework.test.context.web.ServletTestExecutionListener@c5a46e7, org.springframework.test.context.support.DirtiesContextBeforeModesTestExecutionListener@224260e0, org.springframework.boot.test.mock.mockito.MockitoTestExecutionListener@152bece6, org.springframework.boot.test.autoconfigure.SpringBootDependencyInjectionTestExecutionListener@4a9fa33d, org.springframework.test.context.support.DirtiesContextTestExecutionListener@14acb9f7, org.springframework.test.context.transaction.TransactionalTestExecutionListener@25d89ee2, org.springframework.test.context.jdbc.SqlScriptsTestExecutionListener@6fde0a63, org.springframework.boot.test.autoconfigure.restdocs.RestDocsTestExecutionListener@58efcaee, org.springframework.boot.test.autoconfigure.web.client.MockRestServiceServerResetTestExecutionListener@29fdb305, org.springframework.boot.test.autoconfigure.web.servlet.MockMvcPrintOnlyOnFailureTestExecutionListener@48330756, org.springframework.boot.test.autoconfigure.web.servlet.WebDriverTestExecutionListener@57219121, org.springframework.boot.test.mock.mockito.ResetMocksTestExecutionListener@713f8991]
14:46:53.566 [Test worker] DEBUG org.springframework.test.annotation.ProfileValueUtils - Retrieved @ProfileValueSourceConfiguration [null] for test class [com.imooc.manager.controller.ProductControllerTest]
14:46:53.566 [Test worker] DEBUG org.springframework.test.annotation.ProfileValueUtils - Retrieved ProfileValueSource type [class org.springframework.test.annotation.SystemProfileValueSource] for class [com.imooc.manager.controller.ProductControllerTest]
14:46:53.566 [Test worker] DEBUG org.springframework.test.annotation.ProfileValueUtils - Retrieved @ProfileValueSourceConfiguration [null] for test class [com.imooc.manager.controller.ProductControllerTest]
14:46:53.567 [Test worker] DEBUG org.springframework.test.annotation.ProfileValueUtils - Retrieved ProfileValueSource type [class org.springframework.test.annotation.SystemProfileValueSource] for class [com.imooc.manager.controller.ProductControllerTest]
14:46:53.570 [Test worker] DEBUG org.springframework.test.context.support.AbstractDirtiesContextTestExecutionListener - Before test class: context [DefaultTestContext@39f73ee4 testClass = ProductControllerTest, testInstance = [null], testMethod = [null], testException = [null], mergedContextConfiguration = [WebMergedContextConfiguration@7726d7ee testClass = ProductControllerTest, locations = '{}', classes = '{class com.imooc.manager.ManagerApp}', contextInitializerClasses = '[]', activeProfiles = '{}', propertySourceLocations = '{}', propertySourceProperties = '{org.springframework.boot.test.context.SpringBootTestContextBootstrapper=true, server.port=0}', contextCustomizers = set[org.springframework.boot.test.autoconfigure.properties.PropertyMappingContextCustomizer@0, org.springframework.boot.test.autoconfigure.web.servlet.WebDriverContextCustomizerFactory$Customizer@2d34df1f, org.springframework.boot.test.context.filter.ExcludeFilterContextCustomizer@20d9f88, org.springframework.boot.test.json.DuplicateJsonObjectContextCustomizerFactory$DuplicateJsonObjectContextCustomizer@117bac2, org.springframework.boot.test.mock.mockito.MockitoContextCustomizer@0, org.springframework.boot.test.web.client.TestRestTemplateContextCustomizer@34e2ddec], resourceBasePath = 'src/main/webapp', contextLoader = 'org.springframework.boot.test.context.SpringBootContextLoader', parent = [null]], attributes = map['org.springframework.test.context.web.ServletTestExecutionListener.activateListener' -> false]], class annotated with @DirtiesContext [false] with mode [null].
14:46:53.752 [Test worker] DEBUG org.springframework.test.annotation.ProfileValueUtils - Retrieved @ProfileValueSourceConfiguration [null] for test class [com.imooc.manager.controller.ProductControllerTest]
14:46:53.752 [Test worker] DEBUG org.springframework.test.annotation.ProfileValueUtils - Retrieved ProfileValueSource type [class org.springframework.test.annotation.SystemProfileValueSource] for class [com.imooc.manager.controller.ProductControllerTest]
14:46:53.755 [Test worker] DEBUG org.springframework.test.context.support.DependencyInjectionTestExecutionListener - Performing dependency injection for test context [[DefaultTestContext@39f73ee4 testClass = ProductControllerTest, testInstance = com.imooc.manager.controller.ProductControllerTest@71555766, testMethod = [null], testException = [null], mergedContextConfiguration = [WebMergedContextConfiguration@7726d7ee testClass = ProductControllerTest, locations = '{}', classes = '{class com.imooc.manager.ManagerApp}', contextInitializerClasses = '[]', activeProfiles = '{}', propertySourceLocations = '{}', propertySourceProperties = '{org.springframework.boot.test.context.SpringBootTestContextBootstrapper=true, server.port=0}', contextCustomizers = set[org.springframework.boot.test.autoconfigure.properties.PropertyMappingContextCustomizer@0, org.springframework.boot.test.autoconfigure.web.servlet.WebDriverContextCustomizerFactory$Customizer@2d34df1f, org.springframework.boot.test.context.filter.ExcludeFilterContextCustomizer@20d9f88, org.springframework.boot.test.json.DuplicateJsonObjectContextCustomizerFactory$DuplicateJsonObjectContextCustomizer@117bac2, org.springframework.boot.test.mock.mockito.MockitoContextCustomizer@0, org.springframework.boot.test.web.client.TestRestTemplateContextCustomizer@34e2ddec], resourceBasePath = 'src/main/webapp', contextLoader = 'org.springframework.boot.test.context.SpringBootContextLoader', parent = [null]], attributes = map['org.springframework.test.context.web.ServletTestExecutionListener.activateListener' -> false]]].
14:46:53.768 [Test worker] DEBUG org.springframework.core.env.StandardEnvironment - Adding PropertySource 'systemProperties' with lowest search precedence
14:46:53.768 [Test worker] DEBUG org.springframework.core.env.StandardEnvironment - Adding PropertySource 'systemEnvironment' with lowest search precedence
14:46:53.768 [Test worker] DEBUG org.springframework.core.env.StandardEnvironment - Initialized StandardEnvironment with PropertySources [MapPropertySource@354819630 {name='systemProperties', properties={java.runtime.name=Java(TM) SE Runtime Environment, sun.boot.library.path=C:\Program Files\Java\jdk1.8.0_162\jre\bin, java.vm.version=25.162-b12, java.vm.vendor=Oracle Corporation, java.vendor.url=http://java.oracle.com/, path.separator=;, java.vm.name=Java HotSpot(TM) 64-Bit Server VM, file.encoding.pkg=sun.io, user.script=, sun.java.launcher=SUN_STANDARD, user.country=CN, sun.os.patch.level=, java.vm.specification.name=Java Virtual Machine Specification, user.dir=E:\Work\idea_workspace\financial\manager, java.runtime.version=1.8.0_162-b12, java.awt.graphicsenv=sun.awt.Win32GraphicsEnvironment, java.endorsed.dirs=C:\Program Files\Java\jdk1.8.0_162\jre\lib\endorsed, os.arch=amd64, java.io.tmpdir=C:\Users\CHENYI~1\AppData\Local\Temp\, line.separator=
, java.vm.specification.vendor=Oracle Corporation, user.variant=, os.name=Windows 10, sun.jnu.encoding=GBK, java.library.path=C:\Program Files\Java\jdk1.8.0_162\bin;C:\Windows\Sun\Java\bin;C:\Windows\system32;C:\Windows;F:\Program Files (x86)\MySQL\MySQL Server 5.5\bin;F:\Program Files\TortoiseGit\bin;F:\Program Files\Git\cmd;E:\Maven\java\apache-maven-3.5.2\bin;C:\Program Files\Java\jdk1.8.0_162\bin;C:\Windows\System32;%GRADLE_HOME%\bin;., java.specification.name=Java Platform API Specification, java.class.version=52.0, org.gradle.native=false, sun.management.compiler=HotSpot 64-Bit Tiered Compilers, os.version=10.0, user.home=C:\Users\chenyihongyi, user.timezone=Asia/Shanghai, java.awt.printerjob=sun.awt.windows.WPrinterJob, file.encoding=GBK, java.specification.version=1.8, java.class.path=E:\Work\idea_workspace\financial\manager\build\classes\java\test;E:\Work\idea_workspace\financial\manager\build\resources\test;E:\Work\idea_workspace\financial\manager\build\classes\java\main;E:\Work\idea_workspace\financial\manager\build\resources\main;E:\Work\idea_workspace\financial\api\build\libs\api.jar;E:\Work\idea_workspace\financial\entity\build\libs\entity.jar;E:\Work\idea_workspace\financial\util\build\libs\util.jar;E:\Work\idea_workspace\financial\util\libs\jsonrpc4j-1.5.1.jar;E:\Work\idea_workspace\financial\swagger\build\libs\swagger.jar;C:\Users\chenyihongyi\.gradle\caches\modules-2\files-2.1\org.springframework.boot\spring-boot-starter-web\2.0.0.RELEASE\fcb2a9e18f98382e626935841f85ed44d7153615\spring-boot-starter-web-2.0.0.RELEASE.jar;C:\Users\chenyihongyi\.gradle\caches\modules-2\files-2.1\org.springframework.boot\spring-boot-starter-data-jpa\2.0.0.RELEASE\cc7bc2df046149870255d22367f8f7276eb82e98\spring-boot-starter-data-jpa-2.0.0.RELEASE.jar;E:\Maven\mvn_repo\org\apache\commons\commons-lang3\3.5\commons-lang3-3.5.jar;C:\Users\chenyihongyi\.gradle\caches\modules-2\files-2.1\com.h2database\h2\1.4.195\b25cc38f12b977694b8c85848e5bbecb2d88fd96\h2-1.4.195.jar;C:\Users\chenyihongyi\.gradle\caches\modules-2\files-2.1\org.springframework.boot\spring-boot-starter-activemq\2.0.0.RELEASE\3c3b852d6d325de5553902a320ffa731fdc07bd8\spring-boot-starter-activemq-2.0.0.RELEASE.jar;E:\Maven\mvn_repo\mysql\mysql-connector-java\5.1.29\mysql-connector-java-5.1.29.jar;C:\Users\chenyihongyi\.gradle\caches\modules-2\files-2.1\org.springframework.boot\spring-boot-starter-test\2.0.0.RELEASE\4ff0e1d9bd315a4a5867e9c6128691cac8b37348\spring-boot-starter-test-2.0.0.RELEASE.jar;C:\Users\chenyihongyi\.gradle\caches\modules-2\files-2.1\org.springframework.boot\spring-boot-starter-json\2.0.0.RELEASE\5a09c939d8bd60d7f163c1c0c20a3127ba9fffa\spring-boot-starter-json-2.0.0.RELEASE.jar;C:\Users\chenyihongyi\.gradle\caches\modules-2\files-2.1\org.springframework.boot\spring-boot-starter-aop\2.0.0.RELEASE\9afd572ca8de272e6d919d914db5c73cd7d06ea2\spring-boot-starter-aop-2.0.0.RELEASE.jar;C:\Users\chenyihongyi\.gradle\caches\modules-2\files-2.1\org.springframework.boot\spring-boot-starter-jdbc\2.0.0.RELEASE\bfe586f729ed86a421a79ac1b18d4e05acd25d68\spring-boot-starter-jdbc-2.0.0.RELEASE.jar;C:\Users\chenyihongyi\.gradle\caches\modules-2\files-2.1\org.springframework.boot\spring-boot-starter\2.0.0.RELEASE\6d7d8e4bf053cd1833f3c7dbce676bc274f0892f\spring-boot-starter-2.0.0.RELEASE.jar;C:\Users\chenyihongyi\.gradle\caches\modules-2\files-2.1\org.springframework.boot\spring-boot-starter-tomcat\2.0.0.RELEASE\908bc9de1a7cfa857edf44182d426f6e0d8a3008\spring-boot-starter-tomcat-2.0.0.RELEASE.jar;C:\Users\chenyihongyi\.gradle\caches\modules-2\files-2.1\org.hibernate.validator\hibernate-validator\6.0.7.Final\8b9d9c7ec8c73963ea0fe81912fc67711a4ef76\hibernate-validator-6.0.7.Final.jar;C:\Users\chenyihongyi\.gradle\caches\modules-2\files-2.1\org.springframework\spring-webmvc\5.0.4.RELEASE\addcf1caa22613c474bd6dde8c7134fef940b1f0\spring-webmvc-5.0.4.RELEASE.jar;C:\Users\chenyihongyi\.gradle\caches\modules-2\files-2.1\org.springframework\spring-web\5.0.4.RELEASE\9565bbc67bf1a850a6505deaa5103931712a7b80\spring-web-5.0.4.RELEASE.jar;C:\Users\chenyihongyi\.gradle\caches\modules-2\files-2.1\org.hibernate\hibernate-core\5.2.14.Final\2132ad4a9fa5088156469ec85306afe574bb8c24\hibernate-core-5.2.14.Final.jar;E:\Maven\mvn_repo\javax\transaction\javax.transaction-api\1.2\javax.transaction-api-1.2.jar;C:\Users\chenyihongyi\.gradle\caches\modules-2\files-2.1\org.springframework.data\spring-data-jpa\2.0.5.RELEASE\51b2e315174e32b4c8a4841a147002555add076c\spring-data-jpa-2.0.5.RELEASE.jar;C:\Users\chenyihongyi\.gradle\caches\modules-2\files-2.1\org.springframework\spring-aspects\5.0.4.RELEASE\454ee13fc4f439065572dd526e81c699d1d61e3e\spring-aspects-5.0.4.RELEASE.jar;E:\Maven\mvn_repo\commons-codec\commons-codec\1.8\commons-codec-1.8.jar;E:\Maven\mvn_repo\io\springfox\springfox-swagger2\2.7.0\springfox-swagger2-2.7.0.jar;E:\Maven\mvn_repo\io\springfox\springfox-swagger-ui\2.7.0\springfox-swagger-ui-2.7.0.jar;C:\Users\chenyihongyi\.gradle\caches\modules-2\files-2.1\org.springframework\spring-jms\5.0.4.RELEASE\da53c07028cbc5011540a21ef1391fb97c89b4c\spring-jms-5.0.4.RELEASE.jar;C:\Users\chenyihongyi\.gradle\caches\modules-2\files-2.1\org.apache.activemq\activemq-broker\5.15.3\1431d906e0a2cd8c27e10be6ed9f608ed995d3b4\activemq-broker-5.15.3.jar;C:\Users\chenyihongyi\.gradle\caches\modules-2\files-2.1\javax.jms\javax.jms-api\2.0.1\5faaa3864ff6025ce69809b60d65bda3e358610c\javax.jms-api-2.0.1.jar;C:\Users\chenyihongyi\.gradle\caches\modules-2\files-2.1\org.springframework.boot\spring-boot-test-autoconfigure\2.0.0.RELEASE\db0595321e96929d9473cf061f3408972d03c6aa\spring-boot-test-autoconfigure-2.0.0.RELEASE.jar;C:\Users\chenyihongyi\.gradle\caches\modules-2\files-2.1\org.springframework.boot\spring-boot-test\2.0.0.RELEASE\1565e78c2801bd3c7ece0a8ddc08e5ed53676878\spring-boot-test-2.0.0.RELEASE.jar;E:\Maven\mvn_repo\com\jayway\jsonpath\json-path\2.4.0\json-path-2.4.0.jar;E:\Maven\mvn_repo\junit\junit\4.12\junit-4.12.jar;E:\Maven\mvn_repo\org\assertj\assertj-core\3.9.1\assertj-core-3.9.1.jar;E:\Maven\mvn_repo\org\mockito\mockito-core\2.15.0\mockito-core-2.15.0.jar;E:\Maven\mvn_repo\org\hamcrest\hamcrest-library\1.3\hamcrest-library-1.3.jar;E:\Maven\mvn_repo\org\hamcrest\hamcrest-core\1.3\hamcrest-core-1.3.jar;E:\Maven\mvn_repo\org\skyscreamer\jsonassert\1.5.0\jsonassert-1.5.0.jar;C:\Users\chenyihongyi\.gradle\caches\modules-2\files-2.1\org.springframework\spring-test\5.0.4.RELEASE\3fc10b6535a113593fa8780951465012a7677e21\spring-test-5.0.4.RELEASE.jar;C:\Users\chenyihongyi\.gradle\caches\modules-2\files-2.1\org.springframework.boot\spring-boot-autoconfigure\2.0.0.RELEASE\c89896a469ecf92996ecba40755919896ace5470\spring-boot-autoconfigure-2.0.0.RELEASE.jar;C:\Users\chenyihongyi\.gradle\caches\modules-2\files-2.1\org.springframework.boot\spring-boot\2.0.0.RELEASE\771da2071ff14a47f108642a641c204ae4ef7b15\spring-boot-2.0.0.RELEASE.jar;E:\Maven\mvn_repo\io\springfox\springfox-swagger-common\2.7.0\springfox-swagger-common-2.7.0.jar;E:\Maven\mvn_repo\io\springfox\springfox-spring-web\2.7.0\springfox-spring-web-2.7.0.jar;E:\Maven\mvn_repo\io\springfox\springfox-schema\2.7.0\springfox-schema-2.7.0.jar;E:\Maven\mvn_repo\io\springfox\springfox-spi\2.7.0\springfox-spi-2.7.0.jar;E:\Maven\mvn_repo\io\springfox\springfox-core\2.7.0\springfox-core-2.7.0.jar;E:\Maven\mvn_repo\org\springframework\plugin\spring-plugin-metadata\1.2.0.RELEASE\spring-plugin-metadata-1.2.0.RELEASE.jar;E:\Maven\mvn_repo\org\springframework\plugin\spring-plugin-core\1.2.0.RELEASE\spring-plugin-core-1.2.0.RELEASE.jar;C:\Users\chenyihongyi\.gradle\caches\modules-2\files-2.1\org.springframework\spring-context\5.0.4.RELEASE\3e76d08c851113077642c5704f0f94d5ce58e905\spring-context-5.0.4.RELEASE.jar;C:\Users\chenyihongyi\.gradle\caches\modules-2\files-2.1\org.springframework\spring-aop\5.0.4.RELEASE\f8e029e54c0267dadb6b9f713f3feb54ec4f3a0e\spring-aop-5.0.4.RELEASE.jar;C:\Users\chenyihongyi\.gradle\caches\modules-2\files-2.1\org.springframework\spring-expression\5.0.4.RELEASE\4bda161f2e34c1486f2527a23eb47293567f473c\spring-expression-5.0.4.RELEASE.jar;C:\Users\chenyihongyi\.gradle\caches\modules-2\files-2.1\org.springframework\spring-orm\5.0.4.RELEASE\dc83e08ecdb4ab28339f87358b53d75b4a8d1b9\spring-orm-5.0.4.RELEASE.jar;C:\Users\chenyihongyi\.gradle\caches\modules-2\files-2.1\org.springframework\spring-jdbc\5.0.4.RELEASE\6b5ac0db11d81d6319ebd0bb253b2f01713df3ab\spring-jdbc-5.0.4.RELEASE.jar;C:\Users\chenyihongyi\.gradle\caches\modules-2\files-2.1\org.springframework.data\spring-data-commons\2.0.5.RELEASE\f5357c650f63f3a187d3d4086a9e9132f33851a6\spring-data-commons-2.0.5.RELEASE.jar;C:\Users\chenyihongyi\.gradle\caches\modules-2\files-2.1\org.springframework\spring-tx\5.0.4.RELEASE\7afc193c5d2b812ee6d2ccaf6fcc81fb83bfb4a7\spring-tx-5.0.4.RELEASE.jar;C:\Users\chenyihongyi\.gradle\caches\modules-2\files-2.1\org.springframework\spring-messaging\5.0.4.RELEASE\21c0ee684684c50a6b13eaa894b2ceb3860dff12\spring-messaging-5.0.4.RELEASE.jar;C:\Users\chenyihongyi\.gradle\caches\modules-2\files-2.1\org.springframework\spring-beans\5.0.4.RELEASE\7a8c3d48d4c33621e64d1399721d8e067450fcbd\spring-beans-5.0.4.RELEASE.jar;C:\Users\chenyihongyi\.gradle\caches\modules-2\files-2.1\org.springframework\spring-core\5.0.4.RELEASE\2221a957b5561a34f044350ba4e30ef5870254a3\spring-core-5.0.4.RELEASE.jar;E:\Maven\mvn_repo\org\xmlunit\xmlunit-core\2.5.1\xmlunit-core-2.5.1.jar;C:\Users\chenyihongyi\.gradle\caches\modules-2\files-2.1\org.springframework.boot\spring-boot-starter-logging\2.0.0.RELEASE\fe939b71659ef1f98a53cce0b5bcf771685cf6a6\spring-boot-starter-logging-2.0.0.RELEASE.jar;E:\Maven\mvn_repo\javax\annotation\javax.annotation-api\1.3.2\javax.annotation-api-1.3.2.jar;E:\Maven\mvn_repo\org\yaml\snakeyaml\1.19\snakeyaml-1.19.jar;C:\Users\chenyihongyi\.gradle\caches\modules-2\files-2.1\com.fasterxml.jackson.datatype\jackson-datatype-jdk8\2.9.4\63ac052d52a70a15820d3dc07ea757826fd51d40\jackson-datatype-jdk8-2.9.4.jar;C:\Users\chenyihongyi\.gradle\caches\modules-2\files-2.1\com.fasterxml.jackson.datatype\jackson-datatype-jsr310\2.9.4\12d52679a6615c7972ea25bd8ebb60b191fe79b7\jackson-datatype-jsr310-2.9.4.jar;C:\Users\chenyihongyi\.gradle\caches\modules-2\files-2.1\com.fasterxml.jackson.module\jackson-module-parameter-names\2.9.4\5833c819877c3e85bad847f4d2fa4e70379217c6\jackson-module-parameter-names-2.9.4.jar;C:\Users\chenyihongyi\.gradle\caches\modules-2\files-2.1\com.fasterxml.jackson.core\jackson-databind\2.9.4\498bbc3b94f566982c7f7c6d4d303fce365529be\jackson-databind-2.9.4.jar;C:\Users\chenyihongyi\.gradle\caches\modules-2\files-2.1\org.apache.tomcat.embed\tomcat-embed-websocket\8.5.28\8a5a48740dd80cad644ceb541e77fd8e0809e3b7\tomcat-embed-websocket-8.5.28.jar;C:\Users\chenyihongyi\.gradle\caches\modules-2\files-2.1\org.apache.tomcat.embed\tomcat-embed-core\8.5.28\b684c98cf77c6528079c4e59fc1feeb218bf82f1\tomcat-embed-core-8.5.28.jar;C:\Users\chenyihongyi\.gradle\caches\modules-2\files-2.1\org.apache.tomcat.embed\tomcat-embed-el\8.5.28\75745598f60646ccf0c4b105468a9c8be9b8432e\tomcat-embed-el-8.5.28.jar;E:\Maven\mvn_repo\javax\validation\validation-api\2.0.1.Final\validation-api-2.0.1.Final.jar;E:\Maven\mvn_repo\org\hibernate\common\hibernate-commons-annotations\5.0.1.Final\hibernate-commons-annotations-5.0.1.Final.jar;E:\Maven\mvn_repo\org\jboss\logging\jboss-logging\3.3.1.Final\jboss-logging-3.3.1.Final.jar;E:\Maven\mvn_repo\com\fasterxml\classmate\1.3.3\classmate-1.3.3.jar;C:\Users\chenyihongyi\.gradle\caches\modules-2\files-2.1\org.aspectj\aspectjweaver\1.8.13\ad94df2a28d658a40dc27bbaff6a1ce5fbf04e9b\aspectjweaver-1.8.13.jar;C:\Users\chenyihongyi\.gradle\caches\modules-2\files-2.1\com.zaxxer\HikariCP\2.7.8\4a3a604fa2efa89621aa498d04e000b2bed90c39\HikariCP-2.7.8.jar;E:\Maven\mvn_repo\org\hibernate\javax\persistence\hibernate-jpa-2.1-api\1.0.0.Final\hibernate-jpa-2.1-api-1.0.0.Final.jar;E:\Maven\mvn_repo\org\reflections\reflections\0.9.11\reflections-0.9.11.jar;C:\Users\chenyihongyi\.gradle\caches\modules-2\files-2.1\org.javassist\javassist\3.22.0-GA\3e83394258ae2089be7219b971ec21a8288528ad\javassist-3.22.0-GA.jar;E:\Maven\mvn_repo\antlr\antlr\2.7.7\antlr-2.7.7.jar;C:\Users\chenyihongyi\.gradle\caches\modules-2\files-2.1\org.jboss\jandex\2.0.3.Final\bfc4d6257dbff7a33a357f0de116be6ff951d849\jandex-2.0.3.Final.jar;E:\Maven\mvn_repo\dom4j\dom4j\1.6.1\dom4j-1.6.1.jar;E:\Maven\mvn_repo\io\swagger\swagger-models\1.5.13\swagger-models-1.5.13.jar;C:\Users\chenyihongyi\.gradle\caches\modules-2\files-2.1\org.apache.activemq\activemq-openwire-legacy\5.15.3\547fb7db77ce03e03960830edfe62772d78d16ca\activemq-openwire-legacy-5.15.3.jar;C:\Users\chenyihongyi\.gradle\caches\modules-2\files-2.1\org.apache.activemq\activemq-client\5.15.3\fbdd28de46c05259bf935f6b8a19e9d7e09c68\activemq-client-5.15.3.jar;E:\Maven\mvn_repo\ch\qos\logback\logback-classic\1.2.3\logback-classic-1.2.3.jar;E:\Maven\mvn_repo\org\apache\logging\log4j\log4j-to-slf4j\2.10.0\log4j-to-slf4j-2.10.0.jar;E:\Maven\mvn_repo\org\slf4j\jul-to-slf4j\1.7.25\jul-to-slf4j-1.7.25.jar;E:\Maven\mvn_repo\org\slf4j\slf4j-api\1.7.25\slf4j-api-1.7.25.jar;E:\Maven\mvn_repo\io\swagger\swagger-annotations\1.5.13\swagger-annotations-1.5.13.jar;C:\Users\chenyihongyi\.gradle\caches\modules-2\files-2.1\com.google.guava\guava\20.0\89507701249388e1ed5ddcf8c41f4ce1be7831ef\guava-20.0.jar;E:\Maven\mvn_repo\org\mapstruct\mapstruct\1.1.0.Final\mapstruct-1.1.0.Final.jar;E:\Maven\mvn_repo\net\minidev\json-smart\2.3\json-smart-2.3.jar;C:\Users\chenyihongyi\.gradle\caches\modules-2\files-2.1\net.bytebuddy\byte-buddy\1.7.9\51218a01a882c04d0aba8c028179cce488bbcb58\byte-buddy-1.7.9.jar;C:\Users\chenyihongyi\.gradle\caches\modules-2\files-2.1\net.bytebuddy\byte-buddy-agent\1.7.9\a6c65f9da7f467ee1f02ff2841ffd3155aee2fc9\byte-buddy-agent-1.7.9.jar;E:\Maven\mvn_repo\org\objenesis\objenesis\2.6\objenesis-2.6.jar;E:\Maven\mvn_repo\com\vaadin\external\google\android-json\0.0.20131108.vaadin1\android-json-0.0.20131108.vaadin1.jar;C:\Users\chenyihongyi\.gradle\caches\modules-2\files-2.1\org.springframework\spring-jcl\5.0.4.RELEASE\3053e2bad0a18571bdbb9596ce51f9d458f5934f\spring-jcl-5.0.4.RELEASE.jar;E:\Maven\mvn_repo\com\fasterxml\jackson\core\jackson-annotations\2.9.0\jackson-annotations-2.9.0.jar;C:\Users\chenyihongyi\.gradle\caches\modules-2\files-2.1\com.fasterxml.jackson.core\jackson-core\2.9.4\a9a71ec1aa37da47db168fede9a4a5fb5e374320\jackson-core-2.9.4.jar;E:\Maven\mvn_repo\org\fusesource\hawtbuf\hawtbuf\1.11\hawtbuf-1.11.jar;E:\Maven\mvn_repo\org\apache\geronimo\specs\geronimo-j2ee-management_1.1_spec\1.0.1\geronimo-j2ee-management_1.1_spec-1.0.1.jar;E:\Maven\mvn_repo\net\minidev\accessors-smart\1.2\accessors-smart-1.2.jar;E:\Maven\mvn_repo\ch\qos\logback\logback-core\1.2.3\logback-core-1.2.3.jar;E:\Maven\mvn_repo\org\apache\logging\log4j\log4j-api\2.10.0\log4j-api-2.10.0.jar;C:\Users\chenyihongyi\.gradle\caches\modules-2\files-2.1\org.apache.tomcat\tomcat-annotations-api\8.5.28\25dd92ba2548e684687f9024e2848ea98ab63f3a\tomcat-annotations-api-8.5.28.jar;E:\Maven\mvn_repo\org\ow2\asm\asm\5.0.4\asm-5.0.4.jar, user.name=chenyihongyi, java.vm.specification.version=1.8, sun.java.command=worker.org.gradle.process.internal.worker.GradleWorkerMain 'Gradle Test Executor 6', java.home=C:\Program Files\Java\jdk1.8.0_162\jre, sun.arch.data.model=64, user.language=zh, java.specification.vendor=Oracle Corporation, awt.toolkit=sun.awt.windows.WToolkit, java.vm.info=mixed mode, java.version=1.8.0_162, java.ext.dirs=C:\Program Files\Java\jdk1.8.0_162\jre\lib\ext;C:\Windows\Sun\Java\lib\ext, sun.boot.class.path=C:\Program Files\Java\jdk1.8.0_162\jre\lib\resources.jar;C:\Program Files\Java\jdk1.8.0_162\jre\lib\rt.jar;C:\Program Files\Java\jdk1.8.0_162\jre\lib\sunrsasign.jar;C:\Program Files\Java\jdk1.8.0_162\jre\lib\jsse.jar;C:\Program Files\Java\jdk1.8.0_162\jre\lib\jce.jar;C:\Program Files\Java\jdk1.8.0_162\jre\lib\charsets.jar;C:\Program Files\Java\jdk1.8.0_162\jre\lib\jfr.jar;C:\Program Files\Java\jdk1.8.0_162\jre\classes, java.vendor=Oracle Corporation, org.gradle.test.worker=6, file.separator=\, java.vendor.url.bug=http://bugreport.sun.com/bugreport/, sun.io.unicode.encoding=UnicodeLittle, sun.cpu.endian=little, sun.desktop=windows, sun.cpu.isalist=amd64}}, SystemEnvironmentPropertySource@270060525 {name='systemEnvironment', properties={USERDOMAIN_ROAMINGPROFILE=DESKTOP-K7SRB4V, LOCALAPPDATA=C:\Users\chenyihongyi\AppData\Local, PROCESSOR_LEVEL=6, USERDOMAIN=DESKTOP-K7SRB4V, FPS_BROWSER_APP_PROFILE_STRING=Internet Explorer, LOGONSERVER=\\DESKTOP-K7SRB4V, JAVA_HOME=C:\Program Files\Java\jdk1.8.0_162, SESSIONNAME=Console, ALLUSERSPROFILE=C:\ProgramData, PROCESSOR_ARCHITECTURE=AMD64, GRADLE_HOME=F:\software\gradle-4.10.2-bin\gradle-4.10.2, PSModulePath=C:\Program Files\WindowsPowerShell\Modules;C:\Windows\system32\WindowsPowerShell\v1.0\Modules, SystemDrive=C:, asl.log=Destination=file, MAVEN_HOME=E:\Maven\java\apache-maven-3.5.2, OneDrive=C:\Users\chenyihongyi\OneDrive, APPDATA=C:\Users\chenyihongyi\AppData\Roaming, USERNAME=chenyihongyi, ProgramFiles(x86)=C:\Program Files (x86), CommonProgramFiles=C:\Program Files\Common Files, Path=F:\Program Files (x86)\MySQL\MySQL Server 5.5\bin;F:\Program Files\TortoiseGit\bin;F:\Program Files\Git\cmd;E:\Maven\java\apache-maven-3.5.2\bin;C:\Program Files\Java\jdk1.8.0_162\bin;C:\Windows\System32;%GRADLE_HOME%\bin, FPS_BROWSER_USER_PROFILE_STRING=Default, PATHEXT=.COM;.EXE;.BAT;.CMD;.VBS;.VBE;.JS;.JSE;.WSF;.WSH;.MSC, OS=Windows_NT, COMPUTERNAME=DESKTOP-K7SRB4V, PROCESSOR_REVISION=8e0a, CommonProgramW6432=C:\Program Files\Common Files, ComSpec=C:\Windows\system32\cmd.exe, ProgramData=C:\ProgramData, ProgramW6432=C:\Program Files, HOMEPATH=\Users\chenyihongyi, SystemRoot=C:\Windows, TEMP=C:\Users\CHENYI~1\AppData\Local\Temp, HOMEDRIVE=C:, PROCESSOR_IDENTIFIER=Intel64 Family 6 Model 142 Stepping 10, GenuineIntel, USERPROFILE=C:\Users\chenyihongyi, TMP=C:\Users\CHENYI~1\AppData\Local\Temp, CommonProgramFiles(x86)=C:\Program Files (x86)\Common Files, ProgramFiles=C:\Program Files, PUBLIC=C:\Users\Public, NUMBER_OF_PROCESSORS=8, windir=C:\Windows}}]
14:46:53.770 [Test worker] DEBUG org.springframework.test.context.support.TestPropertySourceUtils - Adding inlined properties to environment: {spring.jmx.enabled=false, org.springframework.boot.test.context.SpringBootTestContextBootstrapper=true, server.port=0}
14:46:53.770 [Test worker] DEBUG org.springframework.core.env.StandardEnvironment - Adding PropertySource 'Inlined Test Properties' with highest search precedence

  .   ____          _            __ _ _
 /\\ / ___'_ __ _ _(_)_ __  __ _ \ \ \ \
( ( )\___ | '_ | '_| | '_ \/ _` | \ \ \ \
 \\/  ___)| |_)| | | | | || (_| |  ) ) ) )
  '  |____| .__|_| |_|_| |_\__, | / / / /
 =========|_|==============|___/=/_/_/_/
 :: Spring Boot ::        (v2.0.0.RELEASE)

2018-09-24 14:46:54.069  INFO 1572 --- [    Test worker] c.i.m.controller.ProductControllerTest   : Starting ProductControllerTest on DESKTOP-K7SRB4V with PID 1572 (started by chenyihongyi in E:\Work\idea_workspace\financial\manager)
2018-09-24 14:46:54.070  INFO 1572 --- [    Test worker] c.i.m.controller.ProductControllerTest   : No active profile set, falling back to default profiles: default
2018-09-24 14:46:54.095  INFO 1572 --- [    Test worker] ConfigServletWebServerApplicationContext : Refreshing org.springframework.boot.web.servlet.context.AnnotationConfigServletWebServerApplicationContext@6395c59e: startup date [Mon Sep 24 14:46:54 CST 2018]; root of context hierarchy
2018-09-24 14:46:54.904  INFO 1572 --- [    Test worker] trationDelegate$BeanPostProcessorChecker : Bean 'org.springframework.transaction.annotation.ProxyTransactionManagementConfiguration' of type [org.springframework.transaction.annotation.ProxyTransactionManagementConfiguration$$EnhancerBySpringCGLIB$$f0825f08] is not eligible for getting processed by all BeanPostProcessors (for example: not eligible for auto-proxying)
2018-09-24 14:46:55.192  INFO 1572 --- [    Test worker] o.s.b.w.embedded.tomcat.TomcatWebServer  : Tomcat initialized with port(s): 0 (http)
2018-09-24 14:46:55.212  INFO 1572 --- [    Test worker] o.apache.catalina.core.StandardService   : Starting service [Tomcat]
2018-09-24 14:46:55.212  INFO 1572 --- [    Test worker] org.apache.catalina.core.StandardEngine  : Starting Servlet Engine: Apache Tomcat/8.5.28
2018-09-24 14:46:55.220  INFO 1572 --- [ost-startStop-1] o.a.catalina.core.AprLifecycleListener   : The APR based Apache Tomcat Native library which allows optimal performance in production environments was not found on the java.library.path: [C:\Program Files\Java\jdk1.8.0_162\bin;C:\Windows\Sun\Java\bin;C:\Windows\system32;C:\Windows;F:\Program Files (x86)\MySQL\MySQL Server 5.5\bin;F:\Program Files\TortoiseGit\bin;F:\Program Files\Git\cmd;E:\Maven\java\apache-maven-3.5.2\bin;C:\Program Files\Java\jdk1.8.0_162\bin;C:\Windows\System32;%GRADLE_HOME%\bin;.]
2018-09-24 14:46:55.308  INFO 1572 --- [ost-startStop-1] o.a.c.c.C.[.[localhost].[/manager]       : Initializing Spring embedded WebApplicationContext
2018-09-24 14:46:55.308  INFO 1572 --- [ost-startStop-1] o.s.web.context.ContextLoader            : Root WebApplicationContext: initialization completed in 1215 ms
2018-09-24 14:46:55.418  INFO 1572 --- [ost-startStop-1] o.s.b.w.servlet.ServletRegistrationBean  : Servlet dispatcherServlet mapped to [/]
2018-09-24 14:46:55.422  INFO 1572 --- [ost-startStop-1] o.s.b.w.servlet.FilterRegistrationBean   : Mapping filter: 'characterEncodingFilter' to: [/*]
2018-09-24 14:46:55.422  INFO 1572 --- [ost-startStop-1] o.s.b.w.servlet.FilterRegistrationBean   : Mapping filter: 'hiddenHttpMethodFilter' to: [/*]
2018-09-24 14:46:55.423  INFO 1572 --- [ost-startStop-1] o.s.b.w.servlet.FilterRegistrationBean   : Mapping filter: 'httpPutFormContentFilter' to: [/*]
2018-09-24 14:46:55.423  INFO 1572 --- [ost-startStop-1] o.s.b.w.servlet.FilterRegistrationBean   : Mapping filter: 'requestContextFilter' to: [/*]
2018-09-24 14:46:55.568  INFO 1572 --- [    Test worker] com.zaxxer.hikari.HikariDataSource       : HikariPool-1 - Starting...
2018-09-24 14:46:55.740  INFO 1572 --- [    Test worker] com.zaxxer.hikari.HikariDataSource       : HikariPool-1 - Start completed.
2018-09-24 14:46:55.783  INFO 1572 --- [    Test worker] j.LocalContainerEntityManagerFactoryBean : Building JPA container EntityManagerFactory for persistence unit 'default'
2018-09-24 14:46:55.797  INFO 1572 --- [    Test worker] o.hibernate.jpa.internal.util.LogHelper  : HHH000204: Processing PersistenceUnitInfo [
	name: default
	...]
2018-09-24 14:46:55.866  INFO 1572 --- [    Test worker] org.hibernate.Version                    : HHH000412: Hibernate Core {5.2.14.Final}
2018-09-24 14:46:55.868  INFO 1572 --- [    Test worker] org.hibernate.cfg.Environment            : HHH000206: hibernate.properties not found
2018-09-24 14:46:55.922  INFO 1572 --- [    Test worker] o.hibernate.annotations.common.Version   : HCANN000001: Hibernate Commons Annotations {5.0.1.Final}
2018-09-24 14:46:56.027  INFO 1572 --- [    Test worker] org.hibernate.dialect.Dialect            : HHH000400: Using dialect: org.hibernate.dialect.MySQL5Dialect
2018-09-24 14:46:56.408  INFO 1572 --- [    Test worker] j.LocalContainerEntityManagerFactoryBean : Initialized JPA EntityManagerFactory for persistence unit 'default'
2018-09-24 14:46:57.074  INFO 1572 --- [    Test worker] s.w.s.m.m.a.RequestMappingHandlerAdapter : Looking for @ControllerAdvice: org.springframework.boot.web.servlet.context.AnnotationConfigServletWebServerApplicationContext@6395c59e: startup date [Mon Sep 24 14:46:54 CST 2018]; root of context hierarchy
2018-09-24 14:46:57.118  WARN 1572 --- [    Test worker] aWebConfiguration$JpaWebMvcConfiguration : spring.jpa.open-in-view is enabled by default. Therefore, database queries may be performed during view rendering. Explicitly configure spring.jpa.open-in-view to disable this warning
2018-09-24 14:46:57.150  INFO 1572 --- [    Test worker] s.w.s.m.m.a.RequestMappingHandlerMapping : Mapped "{[/products],methods=[GET]}" onto public org.springframework.data.domain.Page<com.imooc.entity.Product> com.imooc.manager.controller.ProductController.query(java.lang.String,java.math.BigDecimal,java.math.BigDecimal,java.lang.String,int,int)
2018-09-24 14:46:57.151  INFO 1572 --- [    Test worker] s.w.s.m.m.a.RequestMappingHandlerMapping : Mapped "{[/products/{id}],methods=[GET]}" onto public com.imooc.entity.Product com.imooc.manager.controller.ProductController.findOne(java.lang.String)
2018-09-24 14:46:57.151  INFO 1572 --- [    Test worker] s.w.s.m.m.a.RequestMappingHandlerMapping : Mapped "{[/products],methods=[POST]}" onto public com.imooc.entity.Product com.imooc.manager.controller.ProductController.addProduct(com.imooc.entity.Product)
2018-09-24 14:46:57.152  INFO 1572 --- [    Test worker] s.w.s.m.m.a.RequestMappingHandlerMapping : Mapped "{[/error]}" onto public org.springframework.http.ResponseEntity<java.util.Map<java.lang.String, java.lang.Object>> org.springframework.boot.autoconfigure.web.servlet.error.BasicErrorController.error(javax.servlet.http.HttpServletRequest)
2018-09-24 14:46:57.153  INFO 1572 --- [    Test worker] s.w.s.m.m.a.RequestMappingHandlerMapping : Mapped "{[/error],produces=[text/html]}" onto public org.springframework.web.servlet.ModelAndView org.springframework.boot.autoconfigure.web.servlet.error.BasicErrorController.errorHtml(javax.servlet.http.HttpServletRequest,javax.servlet.http.HttpServletResponse)
2018-09-24 14:46:57.189  INFO 1572 --- [    Test worker] o.s.w.s.handler.SimpleUrlHandlerMapping  : Mapped URL path [/webjars/**] onto handler of type [class org.springframework.web.servlet.resource.ResourceHttpRequestHandler]
2018-09-24 14:46:57.189  INFO 1572 --- [    Test worker] o.s.w.s.handler.SimpleUrlHandlerMapping  : Mapped URL path [/**] onto handler of type [class org.springframework.web.servlet.resource.ResourceHttpRequestHandler]
2018-09-24 14:46:57.204  INFO 1572 --- [    Test worker] .m.m.a.ExceptionHandlerExceptionResolver : Detected @ExceptionHandler methods in errorControllerAdvice
2018-09-24 14:46:57.229  INFO 1572 --- [    Test worker] o.s.w.s.handler.SimpleUrlHandlerMapping  : Mapped URL path [/**/favicon.ico] onto handler of type [class org.springframework.web.servlet.resource.ResourceHttpRequestHandler]
2018-09-24 14:46:57.553  INFO 1572 --- [    Test worker] o.s.c.support.DefaultLifecycleProcessor  : Starting beans in phase 2147483647
2018-09-24 14:46:57.574  INFO 1572 --- [    Test worker] o.s.b.w.embedded.tomcat.TomcatWebServer  : Tomcat started on port(s): 51819 (http) with context path '/manager'
2018-09-24 14:46:57.576  INFO 1572 --- [    Test worker] c.i.m.controller.ProductControllerTest   : Started ProductControllerTest in 3.803 seconds (JVM running for 4.923)
2018-09-24 14:46:57.705  INFO 1572 --- [    Test worker] com.imooc.util.RestUtil                  : rest-post-json-请求参数:<{"id":"T001","name":"灵活宝1号","status":"AUDITING","thresholdAmount":10,"stepAmount":1,"lockTerm":null,"rewardRate":3.42,"memo":null,"createAt":null,"updateAt":null,"createUser":null,"updateUser":null},{Content-Type=[application/json;charset=UTF-8], Accept=[application/json]}>
2018-09-24 14:46:57.943  INFO 1572 --- [o-auto-1-exec-1] o.a.c.c.C.[.[localhost].[/manager]       : Initializing Spring FrameworkServlet 'dispatcherServlet'
2018-09-24 14:46:57.943  INFO 1572 --- [o-auto-1-exec-1] o.s.web.servlet.DispatcherServlet        : FrameworkServlet 'dispatcherServlet': initialization started
2018-09-24 14:46:57.958  INFO 1572 --- [o-auto-1-exec-1] o.s.web.servlet.DispatcherServlet        : FrameworkServlet 'dispatcherServlet': initialization completed in 15 ms
2018-09-24 14:46:57.998  INFO 1572 --- [o-auto-1-exec-1] c.i.m.controller.ProductController       : 创建产品, 参数:com.imooc.entity.Product@11cb57f1[id=T001,name=灵活宝1号,status=AUDITING,thresholdAmount=10,stepAmount=1,lockTerm=<null>,rewardRate=3.42,memo=<null>,createAt=<null>,updateAt=<null>,createUser=<null>,updateUser=<null>]
Hibernate: select product0_.id as id1_1_0_, product0_.create_at as create_a2_1_0_, product0_.create_user as create_u3_1_0_, product0_.lock_term as lock_ter4_1_0_, product0_.memo as memo5_1_0_, product0_.name as name6_1_0_, product0_.reward_rate as reward_r7_1_0_, product0_.status as status8_1_0_, product0_.step_amount as step_amo9_1_0_, product0_.threshold_amount as thresho10_1_0_, product0_.update_at as update_11_1_0_, product0_.update_user as update_12_1_0_ from product product0_ where product0_.id=?
Hibernate: update product set create_at=?, create_user=?, lock_term=?, memo=?, name=?, reward_rate=?, status=?, step_amount=?, threshold_amount=?, update_at=?, update_user=? where id=?
2018-09-24 14:46:58.114  INFO 1572 --- [o-auto-1-exec-1] c.i.m.controller.ProductController       : 创建产品, 结果:com.imooc.entity.Product@740e1e3e[id=T001,name=灵活宝1号,status=AUDITING,thresholdAmount=10,stepAmount=1,lockTerm=0,rewardRate=3.42,memo=<null>,createAt=Mon Sep 24 14:46:58 CST 2018,updateAt=<null>,createUser=<null>,updateUser=<null>]
2018-09-24 14:46:58.141  INFO 1572 --- [    Test worker] com.imooc.util.RestUtil                  : rest-post-json 响应信息:{"id":"T001","name":"灵活宝1号","status":"AUDITING","thresholdAmount":10,"stepAmount":1,"lockTerm":0,"rewardRate":3.42,"memo":null,"createAt":1537771618009,"updateAt":null,"createUser":null,"updateUser":null}
2018-09-24 14:46:58.141  INFO 1572 --- [    Test worker] com.imooc.util.RestUtil                  : rest-post-json-请求参数:<{"id":"T002","name":"活期盈-金色人生","status":"AUDITING","thresholdAmount":10,"stepAmount":0,"lockTerm":null,"rewardRate":3.28,"memo":null,"createAt":null,"updateAt":null,"createUser":null,"updateUser":null},{Content-Type=[application/json;charset=UTF-8], Accept=[application/json]}>
2018-09-24 14:46:58.144  INFO 1572 --- [o-auto-1-exec-2] c.i.m.controller.ProductController       : 创建产品, 参数:com.imooc.entity.Product@9d922b7[id=T002,name=活期盈-金色人生,status=AUDITING,thresholdAmount=10,stepAmount=0,lockTerm=<null>,rewardRate=3.28,memo=<null>,createAt=<null>,updateAt=<null>,createUser=<null>,updateUser=<null>]
Hibernate: select product0_.id as id1_1_0_, product0_.create_at as create_a2_1_0_, product0_.create_user as create_u3_1_0_, product0_.lock_term as lock_ter4_1_0_, product0_.memo as memo5_1_0_, product0_.name as name6_1_0_, product0_.reward_rate as reward_r7_1_0_, product0_.status as status8_1_0_, product0_.step_amount as step_amo9_1_0_, product0_.threshold_amount as thresho10_1_0_, product0_.update_at as update_11_1_0_, product0_.update_user as update_12_1_0_ from product product0_ where product0_.id=?
Hibernate: update product set create_at=?, create_user=?, lock_term=?, memo=?, name=?, reward_rate=?, status=?, step_amount=?, threshold_amount=?, update_at=?, update_user=? where id=?
2018-09-24 14:46:58.150  INFO 1572 --- [o-auto-1-exec-2] c.i.m.controller.ProductController       : 创建产品, 结果:com.imooc.entity.Product@6af992e[id=T002,name=活期盈-金色人生,status=AUDITING,thresholdAmount=10,stepAmount=0,lockTerm=0,rewardRate=3.28,memo=<null>,createAt=Mon Sep 24 14:46:58 CST 2018,updateAt=<null>,createUser=<null>,updateUser=<null>]
2018-09-24 14:46:58.152  INFO 1572 --- [    Test worker] com.imooc.util.RestUtil                  : rest-post-json 响应信息:{"id":"T002","name":"活期盈-金色人生","status":"AUDITING","thresholdAmount":10,"stepAmount":0,"lockTerm":0,"rewardRate":3.28,"memo":null,"createAt":1537771618144,"updateAt":null,"createUser":null,"updateUser":null}
2018-09-24 14:46:58.153  INFO 1572 --- [    Test worker] com.imooc.util.RestUtil                  : rest-post-json-请求参数:<{"id":"T003","name":"朝朝盈-聚财","status":"AUDITING","thresholdAmount":100,"stepAmount":10,"lockTerm":null,"rewardRate":3.86,"memo":null,"createAt":null,"updateAt":null,"createUser":null,"updateUser":null},{Content-Type=[application/json;charset=UTF-8], Accept=[application/json]}>
2018-09-24 14:46:58.155  INFO 1572 --- [o-auto-1-exec-3] c.i.m.controller.ProductController       : 创建产品, 参数:com.imooc.entity.Product@590cc228[id=T003,name=朝朝盈-聚财,status=AUDITING,thresholdAmount=100,stepAmount=10,lockTerm=<null>,rewardRate=3.86,memo=<null>,createAt=<null>,updateAt=<null>,createUser=<null>,updateUser=<null>]
Hibernate: select product0_.id as id1_1_0_, product0_.create_at as create_a2_1_0_, product0_.create_user as create_u3_1_0_, product0_.lock_term as lock_ter4_1_0_, product0_.memo as memo5_1_0_, product0_.name as name6_1_0_, product0_.reward_rate as reward_r7_1_0_, product0_.status as status8_1_0_, product0_.step_amount as step_amo9_1_0_, product0_.threshold_amount as thresho10_1_0_, product0_.update_at as update_11_1_0_, product0_.update_user as update_12_1_0_ from product product0_ where product0_.id=?
Hibernate: update product set create_at=?, create_user=?, lock_term=?, memo=?, name=?, reward_rate=?, status=?, step_amount=?, threshold_amount=?, update_at=?, update_user=? where id=?
2018-09-24 14:46:58.161  INFO 1572 --- [o-auto-1-exec-3] c.i.m.controller.ProductController       : 创建产品, 结果:com.imooc.entity.Product@2954b036[id=T003,name=朝朝盈-聚财,status=AUDITING,thresholdAmount=100,stepAmount=10,lockTerm=0,rewardRate=3.86,memo=<null>,createAt=Mon Sep 24 14:46:58 CST 2018,updateAt=<null>,createUser=<null>,updateUser=<null>]
2018-09-24 14:46:58.162  INFO 1572 --- [    Test worker] com.imooc.util.RestUtil                  : rest-post-json 响应信息:{"id":"T003","name":"朝朝盈-聚财","status":"AUDITING","thresholdAmount":100,"stepAmount":10,"lockTerm":0,"rewardRate":3.86,"memo":null,"createAt":1537771618156,"updateAt":null,"createUser":null,"updateUser":null}
2018-09-24 14:46:58.171  INFO 1572 --- [o-auto-1-exec-4] c.i.m.controller.ProductController       : 查询单个产品, id=T001
Hibernate: select product0_.id as id1_1_0_, product0_.create_at as create_a2_1_0_, product0_.create_user as create_u3_1_0_, product0_.lock_term as lock_ter4_1_0_, product0_.memo as memo5_1_0_, product0_.name as name6_1_0_, product0_.reward_rate as reward_r7_1_0_, product0_.status as status8_1_0_, product0_.step_amount as step_amo9_1_0_, product0_.threshold_amount as thresho10_1_0_, product0_.update_at as update_11_1_0_, product0_.update_user as update_12_1_0_ from product product0_ where product0_.id=?
2018-09-24 14:46:58.180  INFO 1572 --- [o-auto-1-exec-4] c.i.m.controller.ProductController       : 查询单个产品, 结果=com.imooc.entity.Product@66d4c7f7[id=T001,name=灵活宝1号,status=AUDITING,thresholdAmount=10.000,stepAmount=1.000,lockTerm=0,rewardRate=3.420,memo=<null>,createAt=2018-09-24 14:46:58.0,updateAt=<null>,createUser=<null>,updateUser=<null>]
2018-09-24 14:46:58.186  INFO 1572 --- [o-auto-1-exec-5] c.i.m.controller.ProductController       : 查询单个产品, id=T002
Hibernate: select product0_.id as id1_1_0_, product0_.create_at as create_a2_1_0_, product0_.create_user as create_u3_1_0_, product0_.lock_term as lock_ter4_1_0_, product0_.memo as memo5_1_0_, product0_.name as name6_1_0_, product0_.reward_rate as reward_r7_1_0_, product0_.status as status8_1_0_, product0_.step_amount as step_amo9_1_0_, product0_.threshold_amount as thresho10_1_0_, product0_.update_at as update_11_1_0_, product0_.update_user as update_12_1_0_ from product product0_ where product0_.id=?
2018-09-24 14:46:58.189  INFO 1572 --- [o-auto-1-exec-5] c.i.m.controller.ProductController       : 查询单个产品, 结果=com.imooc.entity.Product@6dd9ec0[id=T002,name=活期盈-金色人生,status=AUDITING,thresholdAmount=10.000,stepAmount=0.000,lockTerm=0,rewardRate=3.280,memo=<null>,createAt=2018-09-24 14:46:58.0,updateAt=<null>,createUser=<null>,updateUser=<null>]
2018-09-24 14:46:58.192  INFO 1572 --- [o-auto-1-exec-6] c.i.m.controller.ProductController       : 查询单个产品, id=T003
Hibernate: select product0_.id as id1_1_0_, product0_.create_at as create_a2_1_0_, product0_.create_user as create_u3_1_0_, product0_.lock_term as lock_ter4_1_0_, product0_.memo as memo5_1_0_, product0_.name as name6_1_0_, product0_.reward_rate as reward_r7_1_0_, product0_.status as status8_1_0_, product0_.step_amount as step_amo9_1_0_, product0_.threshold_amount as thresho10_1_0_, product0_.update_at as update_11_1_0_, product0_.update_user as update_12_1_0_ from product product0_ where product0_.id=?
2018-09-24 14:46:58.194  INFO 1572 --- [o-auto-1-exec-6] c.i.m.controller.ProductController       : 查询单个产品, 结果=com.imooc.entity.Product@1b020253[id=T003,name=朝朝盈-聚财,status=AUDITING,thresholdAmount=100.000,stepAmount=10.000,lockTerm=0,rewardRate=3.860,memo=<null>,createAt=2018-09-24 14:46:58.0,updateAt=<null>,createUser=<null>,updateUser=<null>]
2018-09-24 14:46:58.198  INFO 1572 --- [o-auto-1-exec-7] c.i.m.controller.ProductController       : 查询单个产品, id=null
Hibernate: select product0_.id as id1_1_0_, product0_.create_at as create_a2_1_0_, product0_.create_user as create_u3_1_0_, product0_.lock_term as lock_ter4_1_0_, product0_.memo as memo5_1_0_, product0_.name as name6_1_0_, product0_.reward_rate as reward_r7_1_0_, product0_.status as status8_1_0_, product0_.step_amount as step_amo9_1_0_, product0_.threshold_amount as thresho10_1_0_, product0_.update_at as update_11_1_0_, product0_.update_user as update_12_1_0_ from product product0_ where product0_.id=?
2018-09-24 14:46:58.199  INFO 1572 --- [o-auto-1-exec-7] c.i.m.controller.ProductController       : 查询单个产品, 结果=null
2018-09-24 14:46:58.202  INFO 1572 --- [o-auto-1-exec-8] c.i.m.controller.ProductController       : 查询单个产品, id=E002
Hibernate: select product0_.id as id1_1_0_, product0_.create_at as create_a2_1_0_, product0_.create_user as create_u3_1_0_, product0_.lock_term as lock_ter4_1_0_, product0_.memo as memo5_1_0_, product0_.name as name6_1_0_, product0_.reward_rate as reward_r7_1_0_, product0_.status as status8_1_0_, product0_.step_amount as step_amo9_1_0_, product0_.threshold_amount as thresho10_1_0_, product0_.update_at as update_11_1_0_, product0_.update_user as update_12_1_0_ from product product0_ where product0_.id=?
2018-09-24 14:46:58.204  INFO 1572 --- [o-auto-1-exec-8] c.i.m.controller.ProductController       : 查询单个产品, 结果=null
2018-09-24 14:46:58.206  INFO 1572 --- [o-auto-1-exec-9] c.i.m.controller.ProductController       : 查询单个产品, id=E003
Hibernate: select product0_.id as id1_1_0_, product0_.create_at as create_a2_1_0_, product0_.create_user as create_u3_1_0_, product0_.lock_term as lock_ter4_1_0_, product0_.memo as memo5_1_0_, product0_.name as name6_1_0_, product0_.reward_rate as reward_r7_1_0_, product0_.status as status8_1_0_, product0_.step_amount as step_amo9_1_0_, product0_.threshold_amount as thresho10_1_0_, product0_.update_at as update_11_1_0_, product0_.update_user as update_12_1_0_ from product product0_ where product0_.id=?
2018-09-24 14:46:58.208  INFO 1572 --- [o-auto-1-exec-9] c.i.m.controller.ProductController       : 查询单个产品, 结果=null
2018-09-24 14:46:58.212  INFO 1572 --- [    Test worker] com.imooc.util.RestUtil                  : rest-post-json-请求参数:<{"id":null,"name":"编号不可为空","status":"AUDITING","thresholdAmount":10,"stepAmount":1,"lockTerm":null,"rewardRate":2.34,"memo":null,"createAt":null,"updateAt":null,"createUser":null,"updateUser":null},{Content-Type=[application/json;charset=UTF-8], Accept=[application/json]}>
2018-09-24 14:46:58.219  INFO 1572 --- [-auto-1-exec-10] c.i.m.controller.ProductController       : 创建产品, 参数:com.imooc.entity.Product@18e0bfac[id=<null>,name=编号不可为空,status=AUDITING,thresholdAmount=10,stepAmount=1,lockTerm=<null>,rewardRate=2.34,memo=<null>,createAt=<null>,updateAt=<null>,createUser=<null>,updateUser=<null>]
2018-09-24 14:46:58.226  WARN 1572 --- [-auto-1-exec-10] .m.m.a.ExceptionHandlerExceptionResolver : Failed to invoke @ExceptionHandler method: public org.springframework.http.ResponseEntity com.imooc.manager.error.ErrorControllerAdvice.handleException(java.lang.Exception)

java.lang.IllegalArgumentException: advice
	at org.springframework.util.Assert.isNull(Assert.java:155) ~[spring-core-5.0.4.RELEASE.jar:5.0.4.RELEASE]
	at com.imooc.manager.error.ErrorControllerAdvice.handleException(ErrorControllerAdvice.java:29) ~[main/:na]
	at sun.reflect.NativeMethodAccessorImpl.invoke0(Native Method) ~[na:1.8.0_162]
	at sun.reflect.NativeMethodAccessorImpl.invoke(NativeMethodAccessorImpl.java:62) ~[na:1.8.0_162]
	at sun.reflect.DelegatingMethodAccessorImpl.invoke(DelegatingMethodAccessorImpl.java:43) ~[na:1.8.0_162]
	at java.lang.reflect.Method.invoke(Method.java:498) ~[na:1.8.0_162]
	at org.springframework.web.method.support.InvocableHandlerMethod.doInvoke(InvocableHandlerMethod.java:209) ~[spring-web-5.0.4.RELEASE.jar:5.0.4.RELEASE]
	at org.springframework.web.method.support.InvocableHandlerMethod.invokeForRequest(InvocableHandlerMethod.java:136) ~[spring-web-5.0.4.RELEASE.jar:5.0.4.RELEASE]
	at org.springframework.web.servlet.mvc.method.annotation.ServletInvocableHandlerMethod.invokeAndHandle(ServletInvocableHandlerMethod.java:102) ~[spring-webmvc-5.0.4.RELEASE.jar:5.0.4.RELEASE]
	at org.springframework.web.servlet.mvc.method.annotation.ExceptionHandlerExceptionResolver.doResolveHandlerMethodException(ExceptionHandlerExceptionResolver.java:405) ~[spring-webmvc-5.0.4.RELEASE.jar:5.0.4.RELEASE]
	at org.springframework.web.servlet.handler.AbstractHandlerMethodExceptionResolver.doResolveException(AbstractHandlerMethodExceptionResolver.java:61) [spring-webmvc-5.0.4.RELEASE.jar:5.0.4.RELEASE]
	at org.springframework.web.servlet.handler.AbstractHandlerExceptionResolver.resolveException(AbstractHandlerExceptionResolver.java:140) [spring-webmvc-5.0.4.RELEASE.jar:5.0.4.RELEASE]
	at org.springframework.web.servlet.handler.HandlerExceptionResolverComposite.resolveException(HandlerExceptionResolverComposite.java:78) [spring-webmvc-5.0.4.RELEASE.jar:5.0.4.RELEASE]
	at org.springframework.web.servlet.DispatcherServlet.processHandlerException(DispatcherServlet.java:1255) [spring-webmvc-5.0.4.RELEASE.jar:5.0.4.RELEASE]
	at org.springframework.web.servlet.DispatcherServlet.processDispatchResult(DispatcherServlet.java:1062) [spring-webmvc-5.0.4.RELEASE.jar:5.0.4.RELEASE]
	at org.springframework.web.servlet.DispatcherServlet.doDispatch(DispatcherServlet.java:1008) [spring-webmvc-5.0.4.RELEASE.jar:5.0.4.RELEASE]
	at org.springframework.web.servlet.DispatcherServlet.doService(DispatcherServlet.java:925) [spring-webmvc-5.0.4.RELEASE.jar:5.0.4.RELEASE]
	at org.springframework.web.servlet.FrameworkServlet.processRequest(FrameworkServlet.java:978) [spring-webmvc-5.0.4.RELEASE.jar:5.0.4.RELEASE]
	at org.springframework.web.servlet.FrameworkServlet.doPost(FrameworkServlet.java:881) [spring-webmvc-5.0.4.RELEASE.jar:5.0.4.RELEASE]
	at javax.servlet.http.HttpServlet.service(HttpServlet.java:661) [tomcat-embed-core-8.5.28.jar:8.5.28]
	at org.springframework.web.servlet.FrameworkServlet.service(FrameworkServlet.java:855) [spring-webmvc-5.0.4.RELEASE.jar:5.0.4.RELEASE]
	at javax.servlet.http.HttpServlet.service(HttpServlet.java:742) [tomcat-embed-core-8.5.28.jar:8.5.28]
	at org.apache.catalina.core.ApplicationFilterChain.internalDoFilter(ApplicationFilterChain.java:231) [tomcat-embed-core-8.5.28.jar:8.5.28]
	at org.apache.catalina.core.ApplicationFilterChain.doFilter(ApplicationFilterChain.java:166) [tomcat-embed-core-8.5.28.jar:8.5.28]
	at org.apache.tomcat.websocket.server.WsFilter.doFilter(WsFilter.java:52) [tomcat-embed-websocket-8.5.28.jar:8.5.28]
	at org.apache.catalina.core.ApplicationFilterChain.internalDoFilter(ApplicationFilterChain.java:193) [tomcat-embed-core-8.5.28.jar:8.5.28]
	at org.apache.catalina.core.ApplicationFilterChain.doFilter(ApplicationFilterChain.java:166) [tomcat-embed-core-8.5.28.jar:8.5.28]
	at org.springframework.web.filter.RequestContextFilter.doFilterInternal(RequestContextFilter.java:99) [spring-web-5.0.4.RELEASE.jar:5.0.4.RELEASE]
	at org.springframework.web.filter.OncePerRequestFilter.doFilter(OncePerRequestFilter.java:107) [spring-web-5.0.4.RELEASE.jar:5.0.4.RELEASE]
	at org.apache.catalina.core.ApplicationFilterChain.internalDoFilter(ApplicationFilterChain.java:193) [tomcat-embed-core-8.5.28.jar:8.5.28]
	at org.apache.catalina.core.ApplicationFilterChain.doFilter(ApplicationFilterChain.java:166) [tomcat-embed-core-8.5.28.jar:8.5.28]
	at org.springframework.web.filter.HttpPutFormContentFilter.doFilterInternal(HttpPutFormContentFilter.java:109) [spring-web-5.0.4.RELEASE.jar:5.0.4.RELEASE]
	at org.springframework.web.filter.OncePerRequestFilter.doFilter(OncePerRequestFilter.java:107) [spring-web-5.0.4.RELEASE.jar:5.0.4.RELEASE]
	at org.apache.catalina.core.ApplicationFilterChain.internalDoFilter(ApplicationFilterChain.java:193) [tomcat-embed-core-8.5.28.jar:8.5.28]
	at org.apache.catalina.core.ApplicationFilterChain.doFilter(ApplicationFilterChain.java:166) [tomcat-embed-core-8.5.28.jar:8.5.28]
	at org.springframework.web.filter.HiddenHttpMethodFilter.doFilterInternal(HiddenHttpMethodFilter.java:81) [spring-web-5.0.4.RELEASE.jar:5.0.4.RELEASE]
	at org.springframework.web.filter.OncePerRequestFilter.doFilter(OncePerRequestFilter.java:107) [spring-web-5.0.4.RELEASE.jar:5.0.4.RELEASE]
	at org.apache.catalina.core.ApplicationFilterChain.internalDoFilter(ApplicationFilterChain.java:193) [tomcat-embed-core-8.5.28.jar:8.5.28]
	at org.apache.catalina.core.ApplicationFilterChain.doFilter(ApplicationFilterChain.java:166) [tomcat-embed-core-8.5.28.jar:8.5.28]
	at org.springframework.web.filter.CharacterEncodingFilter.doFilterInternal(CharacterEncodingFilter.java:200) [spring-web-5.0.4.RELEASE.jar:5.0.4.RELEASE]
	at org.springframework.web.filter.OncePerRequestFilter.doFilter(OncePerRequestFilter.java:107) [spring-web-5.0.4.RELEASE.jar:5.0.4.RELEASE]
	at org.apache.catalina.core.ApplicationFilterChain.internalDoFilter(ApplicationFilterChain.java:193) [tomcat-embed-core-8.5.28.jar:8.5.28]
	at org.apache.catalina.core.ApplicationFilterChain.doFilter(ApplicationFilterChain.java:166) [tomcat-embed-core-8.5.28.jar:8.5.28]
	at org.apache.catalina.core.StandardWrapperValve.invoke(StandardWrapperValve.java:199) [tomcat-embed-core-8.5.28.jar:8.5.28]
	at org.apache.catalina.core.StandardContextValve.invoke(StandardContextValve.java:96) [tomcat-embed-core-8.5.28.jar:8.5.28]
	at org.apache.catalina.authenticator.AuthenticatorBase.invoke(AuthenticatorBase.java:496) [tomcat-embed-core-8.5.28.jar:8.5.28]
	at org.apache.catalina.core.StandardHostValve.invoke(StandardHostValve.java:140) [tomcat-embed-core-8.5.28.jar:8.5.28]
	at org.apache.catalina.valves.ErrorReportValve.invoke(ErrorReportValve.java:81) [tomcat-embed-core-8.5.28.jar:8.5.28]
	at org.apache.catalina.core.StandardEngineValve.invoke(StandardEngineValve.java:87) [tomcat-embed-core-8.5.28.jar:8.5.28]
	at org.apache.catalina.connector.CoyoteAdapter.service(CoyoteAdapter.java:342) [tomcat-embed-core-8.5.28.jar:8.5.28]
	at org.apache.coyote.http11.Http11Processor.service(Http11Processor.java:803) [tomcat-embed-core-8.5.28.jar:8.5.28]
	at org.apache.coyote.AbstractProcessorLight.process(AbstractProcessorLight.java:66) [tomcat-embed-core-8.5.28.jar:8.5.28]
	at org.apache.coyote.AbstractProtocol$ConnectionHandler.process(AbstractProtocol.java:790) [tomcat-embed-core-8.5.28.jar:8.5.28]
	at org.apache.tomcat.util.net.NioEndpoint$SocketProcessor.doRun(NioEndpoint.java:1459) [tomcat-embed-core-8.5.28.jar:8.5.28]
	at org.apache.tomcat.util.net.SocketProcessorBase.run(SocketProcessorBase.java:49) [tomcat-embed-core-8.5.28.jar:8.5.28]
	at java.util.concurrent.ThreadPoolExecutor.runWorker(ThreadPoolExecutor.java:1149) [na:1.8.0_162]
	at java.util.concurrent.ThreadPoolExecutor$Worker.run(ThreadPoolExecutor.java:624) [na:1.8.0_162]
	at org.apache.tomcat.util.threads.TaskThread$WrappingRunnable.run(TaskThread.java:61) [tomcat-embed-core-8.5.28.jar:8.5.28]
	at java.lang.Thread.run(Thread.java:748) [na:1.8.0_162]

2018-09-24 14:46:58.229 ERROR 1572 --- [-auto-1-exec-10] o.a.c.c.C.[.[.[.[dispatcherServlet]      : Servlet.service() for servlet [dispatcherServlet] in context with path [/manager] threw exception [Request processing failed; nested exception is java.lang.IllegalArgumentException: F001] with root cause

java.lang.IllegalArgumentException: F001
	at org.springframework.util.Assert.notNull(Assert.java:193) ~[spring-core-5.0.4.RELEASE.jar:5.0.4.RELEASE]
	at com.imooc.manager.service.ProductService.checkProduct(ProductService.java:60) ~[main/:na]
	at com.imooc.manager.service.ProductService.addProduct(ProductService.java:32) ~[main/:na]
	at com.imooc.manager.controller.ProductController.addProduct(ProductController.java:31) ~[main/:na]
	at sun.reflect.NativeMethodAccessorImpl.invoke0(Native Method) ~[na:1.8.0_162]
	at sun.reflect.NativeMethodAccessorImpl.invoke(NativeMethodAccessorImpl.java:62) ~[na:1.8.0_162]
	at sun.reflect.DelegatingMethodAccessorImpl.invoke(DelegatingMethodAccessorImpl.java:43) ~[na:1.8.0_162]
	at java.lang.reflect.Method.invoke(Method.java:498) ~[na:1.8.0_162]
	at org.springframework.web.method.support.InvocableHandlerMethod.doInvoke(InvocableHandlerMethod.java:209) ~[spring-web-5.0.4.RELEASE.jar:5.0.4.RELEASE]
	at org.springframework.web.method.support.InvocableHandlerMethod.invokeForRequest(InvocableHandlerMethod.java:136) ~[spring-web-5.0.4.RELEASE.jar:5.0.4.RELEASE]
	at org.springframework.web.servlet.mvc.method.annotation.ServletInvocableHandlerMethod.invokeAndHandle(ServletInvocableHandlerMethod.java:102) ~[spring-webmvc-5.0.4.RELEASE.jar:5.0.4.RELEASE]
	at org.springframework.web.servlet.mvc.method.annotation.RequestMappingHandlerAdapter.invokeHandlerMethod(RequestMappingHandlerAdapter.java:870) ~[spring-webmvc-5.0.4.RELEASE.jar:5.0.4.RELEASE]
	at org.springframework.web.servlet.mvc.method.annotation.RequestMappingHandlerAdapter.handleInternal(RequestMappingHandlerAdapter.java:776) ~[spring-webmvc-5.0.4.RELEASE.jar:5.0.4.RELEASE]
	at org.springframework.web.servlet.mvc.method.AbstractHandlerMethodAdapter.handle(AbstractHandlerMethodAdapter.java:87) ~[spring-webmvc-5.0.4.RELEASE.jar:5.0.4.RELEASE]
	at org.springframework.web.servlet.DispatcherServlet.doDispatch(DispatcherServlet.java:991) ~[spring-webmvc-5.0.4.RELEASE.jar:5.0.4.RELEASE]
	at org.springframework.web.servlet.DispatcherServlet.doService(DispatcherServlet.java:925) ~[spring-webmvc-5.0.4.RELEASE.jar:5.0.4.RELEASE]
	at org.springframework.web.servlet.FrameworkServlet.processRequest(FrameworkServlet.java:978) ~[spring-webmvc-5.0.4.RELEASE.jar:5.0.4.RELEASE]
	at org.springframework.web.servlet.FrameworkServlet.doPost(FrameworkServlet.java:881) ~[spring-webmvc-5.0.4.RELEASE.jar:5.0.4.RELEASE]
	at javax.servlet.http.HttpServlet.service(HttpServlet.java:661) ~[tomcat-embed-core-8.5.28.jar:8.5.28]
	at org.springframework.web.servlet.FrameworkServlet.service(FrameworkServlet.java:855) ~[spring-webmvc-5.0.4.RELEASE.jar:5.0.4.RELEASE]
	at javax.servlet.http.HttpServlet.service(HttpServlet.java:742) ~[tomcat-embed-core-8.5.28.jar:8.5.28]
	at org.apache.catalina.core.ApplicationFilterChain.internalDoFilter(ApplicationFilterChain.java:231) ~[tomcat-embed-core-8.5.28.jar:8.5.28]
	at org.apache.catalina.core.ApplicationFilterChain.doFilter(ApplicationFilterChain.java:166) ~[tomcat-embed-core-8.5.28.jar:8.5.28]
	at org.apache.tomcat.websocket.server.WsFilter.doFilter(WsFilter.java:52) ~[tomcat-embed-websocket-8.5.28.jar:8.5.28]
	at org.apache.catalina.core.ApplicationFilterChain.internalDoFilter(ApplicationFilterChain.java:193) ~[tomcat-embed-core-8.5.28.jar:8.5.28]
	at org.apache.catalina.core.ApplicationFilterChain.doFilter(ApplicationFilterChain.java:166) ~[tomcat-embed-core-8.5.28.jar:8.5.28]
	at org.springframework.web.filter.RequestContextFilter.doFilterInternal(RequestContextFilter.java:99) ~[spring-web-5.0.4.RELEASE.jar:5.0.4.RELEASE]
	at org.springframework.web.filter.OncePerRequestFilter.doFilter(OncePerRequestFilter.java:107) ~[spring-web-5.0.4.RELEASE.jar:5.0.4.RELEASE]
	at org.apache.catalina.core.ApplicationFilterChain.internalDoFilter(ApplicationFilterChain.java:193) ~[tomcat-embed-core-8.5.28.jar:8.5.28]
	at org.apache.catalina.core.ApplicationFilterChain.doFilter(ApplicationFilterChain.java:166) ~[tomcat-embed-core-8.5.28.jar:8.5.28]
	at org.springframework.web.filter.HttpPutFormContentFilter.doFilterInternal(HttpPutFormContentFilter.java:109) ~[spring-web-5.0.4.RELEASE.jar:5.0.4.RELEASE]
	at org.springframework.web.filter.OncePerRequestFilter.doFilter(OncePerRequestFilter.java:107) ~[spring-web-5.0.4.RELEASE.jar:5.0.4.RELEASE]
	at org.apache.catalina.core.ApplicationFilterChain.internalDoFilter(ApplicationFilterChain.java:193) ~[tomcat-embed-core-8.5.28.jar:8.5.28]
	at org.apache.catalina.core.ApplicationFilterChain.doFilter(ApplicationFilterChain.java:166) ~[tomcat-embed-core-8.5.28.jar:8.5.28]
	at org.springframework.web.filter.HiddenHttpMethodFilter.doFilterInternal(HiddenHttpMethodFilter.java:81) ~[spring-web-5.0.4.RELEASE.jar:5.0.4.RELEASE]
	at org.springframework.web.filter.OncePerRequestFilter.doFilter(OncePerRequestFilter.java:107) ~[spring-web-5.0.4.RELEASE.jar:5.0.4.RELEASE]
	at org.apache.catalina.core.ApplicationFilterChain.internalDoFilter(ApplicationFilterChain.java:193) ~[tomcat-embed-core-8.5.28.jar:8.5.28]
	at org.apache.catalina.core.ApplicationFilterChain.doFilter(ApplicationFilterChain.java:166) ~[tomcat-embed-core-8.5.28.jar:8.5.28]
	at org.springframework.web.filter.CharacterEncodingFilter.doFilterInternal(CharacterEncodingFilter.java:200) ~[spring-web-5.0.4.RELEASE.jar:5.0.4.RELEASE]
	at org.springframework.web.filter.OncePerRequestFilter.doFilter(OncePerRequestFilter.java:107) ~[spring-web-5.0.4.RELEASE.jar:5.0.4.RELEASE]
	at org.apache.catalina.core.ApplicationFilterChain.internalDoFilter(ApplicationFilterChain.java:193) ~[tomcat-embed-core-8.5.28.jar:8.5.28]
	at org.apache.catalina.core.ApplicationFilterChain.doFilter(ApplicationFilterChain.java:166) ~[tomcat-embed-core-8.5.28.jar:8.5.28]
	at org.apache.catalina.core.StandardWrapperValve.invoke(StandardWrapperValve.java:199) ~[tomcat-embed-core-8.5.28.jar:8.5.28]
	at org.apache.catalina.core.StandardContextValve.invoke(StandardContextValve.java:96) [tomcat-embed-core-8.5.28.jar:8.5.28]
	at org.apache.catalina.authenticator.AuthenticatorBase.invoke(AuthenticatorBase.java:496) [tomcat-embed-core-8.5.28.jar:8.5.28]
	at org.apache.catalina.core.StandardHostValve.invoke(StandardHostValve.java:140) [tomcat-embed-core-8.5.28.jar:8.5.28]
	at org.apache.catalina.valves.ErrorReportValve.invoke(ErrorReportValve.java:81) [tomcat-embed-core-8.5.28.jar:8.5.28]
	at org.apache.catalina.core.StandardEngineValve.invoke(StandardEngineValve.java:87) [tomcat-embed-core-8.5.28.jar:8.5.28]
	at org.apache.catalina.connector.CoyoteAdapter.service(CoyoteAdapter.java:342) [tomcat-embed-core-8.5.28.jar:8.5.28]
	at org.apache.coyote.http11.Http11Processor.service(Http11Processor.java:803) [tomcat-embed-core-8.5.28.jar:8.5.28]
	at org.apache.coyote.AbstractProcessorLight.process(AbstractProcessorLight.java:66) [tomcat-embed-core-8.5.28.jar:8.5.28]
	at org.apache.coyote.AbstractProtocol$ConnectionHandler.process(AbstractProtocol.java:790) [tomcat-embed-core-8.5.28.jar:8.5.28]
	at org.apache.tomcat.util.net.NioEndpoint$SocketProcessor.doRun(NioEndpoint.java:1459) [tomcat-embed-core-8.5.28.jar:8.5.28]
	at org.apache.tomcat.util.net.SocketProcessorBase.run(SocketProcessorBase.java:49) [tomcat-embed-core-8.5.28.jar:8.5.28]
	at java.util.concurrent.ThreadPoolExecutor.runWorker(ThreadPoolExecutor.java:1149) [na:1.8.0_162]
	at java.util.concurrent.ThreadPoolExecutor$Worker.run(ThreadPoolExecutor.java:624) [na:1.8.0_162]
	at org.apache.tomcat.util.threads.TaskThread$WrappingRunnable.run(TaskThread.java:61) [tomcat-embed-core-8.5.28.jar:8.5.28]
	at java.lang.Thread.run(Thread.java:748) [na:1.8.0_162]

2018-09-24 14:46:58.252  INFO 1572 --- [    Test worker] com.imooc.util.RestUtil                  : rest-post-json 响应信息:{"canRetry":false,"code":"F001","message":"编号不可以为空"}
]]></system-out>
  <system-err><![CDATA[]]></system-err>
</testsuite>
